17-Jun-2022 00:38:47.098 INFO [main] org.apache.catalina.core.StandardServer.await A valid shutdown command was received via the shutdown port. Stopping the Server instance.
17-Jun-2022 00:38:47.135 INFO [main] org.apache.coyote.AbstractProtocol.pause Pausing ProtocolHandler ["http-nio-8091"]
17-Jun-2022 00:38:47.185 INFO [main] org.apache.coyote.AbstractProtocol.pause Pausing ProtocolHandler ["ajp-nio-8009"]
17-Jun-2022 00:38:47.194 INFO [main] org.apache.catalina.core.StandardService.stopInternal Stopping service [Catalina]
17-Jun-2022 00:38:47.688 INFO [main] org.apache.coyote.AbstractProtocol.stop Stopping ProtocolHandler ["http-nio-8091"]
17-Jun-2022 00:38:47.711 INFO [main] org.apache.coyote.AbstractProtocol.stop Stopping ProtocolHandler ["ajp-nio-8009"]
17-Jun-2022 00:38:47.722 INFO [main] org.apache.coyote.AbstractProtocol.destroy Destroying ProtocolHandler ["http-nio-8091"]
17-Jun-2022 00:38:47.726 INFO [main] org.apache.coyote.AbstractProtocol.destroy Destroying ProtocolHandler ["ajp-nio-8009"]
17-Jun-2022 00:39:24.343 INFO [main] org.apache.catalina.startup.VersionLoggerListener.log Server version name:   Apache Tomcat/9.0.21
17-Jun-2022 00:39:24.346 INFO [main] org.apache.catalina.startup.VersionLoggerListener.log Server built:          Jun 4 2019 20:19:36 UTC
17-Jun-2022 00:39:24.346 INFO [main] org.apache.catalina.startup.VersionLoggerListener.log Server version number: 9.0.21.0
17-Jun-2022 00:39:24.346 INFO [main] org.apache.catalina.startup.VersionLoggerListener.log OS Name:               Mac OS X
17-Jun-2022 00:39:24.346 INFO [main] org.apache.catalina.startup.VersionLoggerListener.log OS Version:            11.6.2
17-Jun-2022 00:39:24.346 INFO [main] org.apache.catalina.startup.VersionLoggerListener.log Architecture:          x86_64
17-Jun-2022 00:39:24.347 INFO [main] org.apache.catalina.startup.VersionLoggerListener.log Java Home:             /Applications/Android Studio.app/Contents/jre/Contents/Home
17-Jun-2022 00:39:24.347 INFO [main] org.apache.catalina.startup.VersionLoggerListener.log JVM Version:           11.0.11+0-b60-7590822
17-Jun-2022 00:39:24.347 INFO [main] org.apache.catalina.startup.VersionLoggerListener.log JVM Vendor:            JetBrains s.r.o.
17-Jun-2022 00:39:24.347 INFO [main] org.apache.catalina.startup.VersionLoggerListener.log CATALINA_BASE:         /Users/rabiu/Desktop/apache-tomcat-9.0.21
17-Jun-2022 00:39:24.347 INFO [main] org.apache.catalina.startup.VersionLoggerListener.log CATALINA_HOME:         /Users/rabiu/Desktop/apache-tomcat-9.0.21
17-Jun-2022 00:39:24.360 INFO [main] org.apache.catalina.startup.VersionLoggerListener.log Command line argument: --add-opens=java.base/java.lang=ALL-UNNAMED
17-Jun-2022 00:39:24.360 INFO [main] org.apache.catalina.startup.VersionLoggerListener.log Command line argument: --add-opens=java.base/java.io=ALL-UNNAMED
17-Jun-2022 00:39:24.360 INFO [main] org.apache.catalina.startup.VersionLoggerListener.log Command line argument: --add-opens=java.rmi/sun.rmi.transport=ALL-UNNAMED
17-Jun-2022 00:39:24.360 INFO [main] org.apache.catalina.startup.VersionLoggerListener.log Command line argument: -Djava.util.logging.config.file=/Users/rabiu/Desktop/apache-tomcat-9.0.21/conf/logging.properties
17-Jun-2022 00:39:24.360 INFO [main] org.apache.catalina.startup.VersionLoggerListener.log Command line argument: -Djava.util.logging.manager=org.apache.juli.ClassLoaderLogManager
17-Jun-2022 00:39:24.361 INFO [main] org.apache.catalina.startup.VersionLoggerListener.log Command line argument: -Djdk.tls.ephemeralDHKeySize=2048
17-Jun-2022 00:39:24.361 INFO [main] org.apache.catalina.startup.VersionLoggerListener.log Command line argument: -Djava.protocol.handler.pkgs=org.apache.catalina.webresources
17-Jun-2022 00:39:24.361 INFO [main] org.apache.catalina.startup.VersionLoggerListener.log Command line argument: -Dorg.apache.catalina.security.SecurityListener.UMASK=0027
17-Jun-2022 00:39:24.361 INFO [main] org.apache.catalina.startup.VersionLoggerListener.log Command line argument: -Dignore.endorsed.dirs=
17-Jun-2022 00:39:24.361 INFO [main] org.apache.catalina.startup.VersionLoggerListener.log Command line argument: -Dcatalina.base=/Users/rabiu/Desktop/apache-tomcat-9.0.21
17-Jun-2022 00:39:24.361 INFO [main] org.apache.catalina.startup.VersionLoggerListener.log Command line argument: -Dcatalina.home=/Users/rabiu/Desktop/apache-tomcat-9.0.21
17-Jun-2022 00:39:24.361 INFO [main] org.apache.catalina.startup.VersionLoggerListener.log Command line argument: -Djava.io.tmpdir=/Users/rabiu/Desktop/apache-tomcat-9.0.21/temp
17-Jun-2022 00:39:24.361 INFO [main] org.apache.catalina.core.AprLifecycleListener.lifecycleEvent The APR based Apache Tomcat Native library which allows optimal performance in production environments was not found on the java.library.path: [/Users/rabiu/Library/Java/Extensions:/Library/Java/Extensions:/Network/Library/Java/Extensions:/System/Library/Java/Extensions:/usr/lib/java:.]
17-Jun-2022 00:39:24.549 INFO [main] org.apache.coyote.AbstractProtocol.init Initializing ProtocolHandler ["http-nio-8091"]
17-Jun-2022 00:39:24.590 INFO [main] org.apache.coyote.AbstractProtocol.init Initializing ProtocolHandler ["ajp-nio-8009"]
17-Jun-2022 00:39:24.592 INFO [main] org.apache.catalina.startup.Catalina.load Server initialization in [394] milliseconds
17-Jun-2022 00:39:24.638 INFO [main] org.apache.catalina.core.StandardService.startInternal Starting service [Catalina]
17-Jun-2022 00:39:24.638 INFO [main] org.apache.catalina.core.StandardEngine.startInternal Starting Servlet engine: [Apache Tomcat/9.0.21]
17-Jun-2022 00:39:24.653 INFO [main] org.apache.catalina.startup.HostConfig.deployWAR Deploying web application archive [/Users/rabiu/Desktop/apache-tomcat-9.0.21/webapps/api-remotes.war]
17-Jun-2022 00:39:26.152 INFO [main] org.apache.jasper.servlet.TldScanner.scanJars At least one JAR was scanned for TLDs yet contained no TLDs. Enable debug logging for this logger for a complete list of JARs that were scanned but no TLDs were found in them. Skipping unneeded JARs during scanning can improve startup time and JSP compilation time.
17-Jun-2022 00:39:26.189 INFO [main] org.apache.catalina.startup.HostConfig.deployWAR Deployment of web application archive [/Users/rabiu/Desktop/apache-tomcat-9.0.21/webapps/api-remotes.war] has finished in [1,536] ms
17-Jun-2022 00:39:26.192 INFO [main] org.apache.catalina.startup.HostConfig.deployWAR Deploying web application archive [/Users/rabiu/Desktop/apache-tomcat-9.0.21/webapps/api-remote.war]
17-Jun-2022 00:39:27.381 INFO [main] org.apache.jasper.servlet.TldScanner.scanJars At least one JAR was scanned for TLDs yet contained no TLDs. Enable debug logging for this logger for a complete list of JARs that were scanned but no TLDs were found in them. Skipping unneeded JARs during scanning can improve startup time and JSP compilation time.
17-Jun-2022 00:39:27.387 INFO [main] org.apache.catalina.startup.HostConfig.deployWAR Deployment of web application archive [/Users/rabiu/Desktop/apache-tomcat-9.0.21/webapps/api-remote.war] has finished in [1,195] ms
17-Jun-2022 00:39:27.389 INFO [main] org.apache.catalina.startup.HostConfig.deployWAR Deploying web application archive [/Users/rabiu/Desktop/apache-tomcat-9.0.21/webapps/api-remote-old.war]
17-Jun-2022 00:39:27.580 INFO [main] org.apache.catalina.startup.HostConfig.deployWAR Deployment of web application archive [/Users/rabiu/Desktop/apache-tomcat-9.0.21/webapps/api-remote-old.war] has finished in [191] ms
17-Jun-2022 00:39:27.581 INFO [main] org.apache.catalina.startup.HostConfig.deployDirectory Deploying web application directory [/Users/rabiu/Desktop/apache-tomcat-9.0.21/webapps/tomcat_remote_war]
17-Jun-2022 00:39:27.994 INFO [main] org.apache.catalina.startup.HostConfig.deployDirectory Deployment of web application directory [/Users/rabiu/Desktop/apache-tomcat-9.0.21/webapps/tomcat_remote_war] has finished in [413] ms
17-Jun-2022 00:39:27.994 INFO [main] org.apache.catalina.startup.HostConfig.deployDirectory Deploying web application directory [/Users/rabiu/Desktop/apache-tomcat-9.0.21/webapps/API#remote]
17-Jun-2022 00:39:28.211 INFO [main] org.apache.catalina.startup.HostConfig.deployDirectory Deployment of web application directory [/Users/rabiu/Desktop/apache-tomcat-9.0.21/webapps/API#remote] has finished in [216] ms
17-Jun-2022 00:39:28.211 INFO [main] org.apache.catalina.startup.HostConfig.deployDirectory Deploying web application directory [/Users/rabiu/Desktop/apache-tomcat-9.0.21/webapps/docs]
17-Jun-2022 00:39:28.224 INFO [main] org.apache.catalina.startup.HostConfig.deployDirectory Deployment of web application directory [/Users/rabiu/Desktop/apache-tomcat-9.0.21/webapps/docs] has finished in [13] ms
17-Jun-2022 00:39:28.224 INFO [main] org.apache.catalina.startup.HostConfig.deployDirectory Deploying web application directory [/Users/rabiu/Desktop/apache-tomcat-9.0.21/webapps/API-remote]
17-Jun-2022 00:39:29.091 INFO [main] org.apache.jasper.servlet.TldScanner.scanJars At least one JAR was scanned for TLDs yet contained no TLDs. Enable debug logging for this logger for a complete list of JARs that were scanned but no TLDs were found in them. Skipping unneeded JARs during scanning can improve startup time and JSP compilation time.
17-Jun-2022 00:39:29.095 INFO [main] org.apache.catalina.startup.HostConfig.deployDirectory Deployment of web application directory [/Users/rabiu/Desktop/apache-tomcat-9.0.21/webapps/API-remote] has finished in [871] ms
17-Jun-2022 00:39:29.095 INFO [main] org.apache.catalina.startup.HostConfig.deployDirectory Deploying web application directory [/Users/rabiu/Desktop/apache-tomcat-9.0.21/webapps/manager]
17-Jun-2022 00:39:29.113 INFO [main] org.apache.catalina.startup.HostConfig.deployDirectory Deployment of web application directory [/Users/rabiu/Desktop/apache-tomcat-9.0.21/webapps/manager] has finished in [18] ms
17-Jun-2022 00:39:29.113 INFO [main] org.apache.catalina.startup.HostConfig.deployDirectory Deploying web application directory [/Users/rabiu/Desktop/apache-tomcat-9.0.21/webapps/examples]
17-Jun-2022 00:39:29.281 INFO [main] org.apache.catalina.startup.HostConfig.deployDirectory Deployment of web application directory [/Users/rabiu/Desktop/apache-tomcat-9.0.21/webapps/examples] has finished in [167] ms
17-Jun-2022 00:39:29.281 INFO [main] org.apache.catalina.startup.HostConfig.deployDirectory Deploying web application directory [/Users/rabiu/Desktop/apache-tomcat-9.0.21/webapps/ROOT]
17-Jun-2022 00:39:29.547 INFO [main] org.apache.catalina.startup.HostConfig.deployDirectory Deployment of web application directory [/Users/rabiu/Desktop/apache-tomcat-9.0.21/webapps/ROOT] has finished in [266] ms
17-Jun-2022 00:39:29.548 INFO [main] org.apache.catalina.startup.HostConfig.deployDirectory Deploying web application directory [/Users/rabiu/Desktop/apache-tomcat-9.0.21/webapps/host-manager]
17-Jun-2022 00:39:29.560 INFO [main] org.apache.catalina.startup.HostConfig.deployDirectory Deployment of web application directory [/Users/rabiu/Desktop/apache-tomcat-9.0.21/webapps/host-manager] has finished in [12] ms
17-Jun-2022 00:39:29.564 INFO [main] org.apache.coyote.AbstractProtocol.start Starting ProtocolHandler ["http-nio-8091"]
17-Jun-2022 00:39:29.569 INFO [main] org.apache.coyote.AbstractProtocol.start Starting ProtocolHandler ["ajp-nio-8009"]
17-Jun-2022 00:39:29.571 INFO [main] org.apache.catalina.startup.Catalina.start Server startup in [4,979] milliseconds
17-Jun-2022 00:39:39.567 INFO [Catalina-utility-2] org.apache.catalina.startup.HostConfig.undeploy Undeploying context [/API-remote]
17-Jun-2022 00:39:40.108 INFO [Catalina-utility-2] org.apache.catalina.startup.HostConfig.undeploy Undeploying context [/api-remote]
17-Jun-2022 00:39:40.117 INFO [Catalina-utility-2] org.apache.catalina.startup.HostConfig.deployWAR Deploying web application archive [/Users/rabiu/Desktop/apache-tomcat-9.0.21/webapps/api-remote.war]
17-Jun-2022 00:39:41.192 INFO [Catalina-utility-2] org.apache.jasper.servlet.TldScanner.scanJars At least one JAR was scanned for TLDs yet contained no TLDs. Enable debug logging for this logger for a complete list of JARs that were scanned but no TLDs were found in them. Skipping unneeded JARs during scanning can improve startup time and JSP compilation time.
17-Jun-2022 00:39:41.197 INFO [Catalina-utility-2] org.apache.catalina.startup.HostConfig.deployWAR Deployment of web application archive [/Users/rabiu/Desktop/apache-tomcat-9.0.21/webapps/api-remote.war] has finished in [1,080] ms
17-Jun-2022 00:47:52.098 INFO [Catalina-utility-1] org.apache.catalina.startup.HostConfig.undeploy Undeploying context [/api-remote]
17-Jun-2022 00:48:02.250 INFO [Catalina-utility-2] org.apache.catalina.startup.HostConfig.deployWAR Deploying web application archive [/Users/rabiu/Desktop/apache-tomcat-9.0.21/webapps/API-remote.war]
17-Jun-2022 00:48:03.576 INFO [Catalina-utility-2] org.apache.jasper.servlet.TldScanner.scanJars At least one JAR was scanned for TLDs yet contained no TLDs. Enable debug logging for this logger for a complete list of JARs that were scanned but no TLDs were found in them. Skipping unneeded JARs during scanning can improve startup time and JSP compilation time.
17-Jun-2022 00:48:03.582 INFO [Catalina-utility-2] org.apache.catalina.startup.HostConfig.deployWAR Deployment of web application archive [/Users/rabiu/Desktop/apache-tomcat-9.0.21/webapps/API-remote.war] has finished in [1,334] ms
17-Jun-2022 00:48:03.583 INFO [Catalina-utility-2] org.apache.catalina.startup.HostConfig.deployDirectory Deploying web application directory [/Users/rabiu/Desktop/apache-tomcat-9.0.21/webapps/api-remote]
17-Jun-2022 00:48:04.606 INFO [Catalina-utility-2] org.apache.jasper.servlet.TldScanner.scanJars At least one JAR was scanned for TLDs yet contained no TLDs. Enable debug logging for this logger for a complete list of JARs that were scanned but no TLDs were found in them. Skipping unneeded JARs during scanning can improve startup time and JSP compilation time.
17-Jun-2022 00:48:04.613 INFO [Catalina-utility-2] org.apache.catalina.startup.HostConfig.deployDirectory Deployment of web application directory [/Users/rabiu/Desktop/apache-tomcat-9.0.21/webapps/api-remote] has finished in [1,030] ms
17-Jun-2022 00:48:14.626 INFO [Catalina-utility-1] org.apache.catalina.startup.HostConfig.undeploy Undeploying context [/api-remote]
17-Jun-2022 00:48:21.619 INFO [Finalizer] org.apache.catalina.loader.WebappClassLoaderBase.checkStateForResourceLoading Illegal access: this web application instance has been stopped already. Could not load [ch.qos.logback.core.status.WarnStatus]. The following stack trace is thrown for debugging purposes as well as to attempt to terminate the thread which caused the illegal access.
	java.lang.IllegalStateException: Illegal access: this web application instance has been stopped already. Could not load [ch.qos.logback.core.status.WarnStatus]. The following stack trace is thrown for debugging purposes as well as to attempt to terminate the thread which caused the illegal access.
		at org.apache.catalina.loader.WebappClassLoaderBase.checkStateForResourceLoading(WebappClassLoaderBase.java:1385)
		at org.apache.catalina.loader.WebappClassLoaderBase.checkStateForClassLoading(WebappClassLoaderBase.java:1373)
		at org.apache.catalina.loader.WebappClassLoaderBase.loadClass(WebappClassLoaderBase.java:1226)
		at org.apache.catalina.loader.WebappClassLoaderBase.loadClass(WebappClassLoaderBase.java:1188)
		at ch.qos.logback.classic.LoggerContext.noAppenderDefinedWarning(LoggerContext.java:186)
		at ch.qos.logback.classic.Logger.callAppenders(Logger.java:264)
		at ch.qos.logback.classic.Logger.buildLoggingEventAndAppend(Logger.java:421)
		at ch.qos.logback.classic.Logger.filterAndLog_0_Or3Plus(Logger.java:383)
		at ch.qos.logback.classic.Logger.log(Logger.java:765)
		at org.apache.commons.logging.LogAdapter$Slf4jLocationAwareLog.debug(LogAdapter.java:468)
		at org.apache.http.impl.conn.PoolingHttpClientConnectionManager.shutdown(PoolingHttpClientConnectionManager.java:411)
		at org.apache.http.impl.conn.PoolingHttpClientConnectionManager.finalize(PoolingHttpClientConnectionManager.java:207)
		at java.base/java.lang.System$2.invokeFinalize(System.java:2125)
		at java.base/java.lang.ref.Finalizer.runFinalizer(Finalizer.java:87)
		at java.base/java.lang.ref.Finalizer$FinalizerThread.run(Finalizer.java:171)
17-Jun-2022 00:48:25.164 INFO [Catalina-utility-1] org.apache.catalina.startup.HostConfig.undeploy Undeploying context [/API-remote]
17-Jun-2022 00:48:25.172 INFO [Catalina-utility-1] org.apache.catalina.startup.HostConfig.deployWAR Deploying web application archive [/Users/rabiu/Desktop/apache-tomcat-9.0.21/webapps/API-remote.war]
17-Jun-2022 00:48:26.191 INFO [Catalina-utility-1] org.apache.jasper.servlet.TldScanner.scanJars At least one JAR was scanned for TLDs yet contained no TLDs. Enable debug logging for this logger for a complete list of JARs that were scanned but no TLDs were found in them. Skipping unneeded JARs during scanning can improve startup time and JSP compilation time.
17-Jun-2022 00:48:26.200 INFO [Catalina-utility-1] org.apache.catalina.startup.HostConfig.deployWAR Deployment of web application archive [/Users/rabiu/Desktop/apache-tomcat-9.0.21/webapps/API-remote.war] has finished in [1,028] ms
17-Jun-2022 00:48:56.217 INFO [Catalina-utility-1] org.apache.catalina.startup.HostConfig.deployWAR Deploying web application archive [/Users/rabiu/Desktop/apache-tomcat-9.0.21/webapps/api-remote.war]
17-Jun-2022 00:48:57.056 INFO [Catalina-utility-1] org.apache.jasper.servlet.TldScanner.scanJars At least one JAR was scanned for TLDs yet contained no TLDs. Enable debug logging for this logger for a complete list of JARs that were scanned but no TLDs were found in them. Skipping unneeded JARs during scanning can improve startup time and JSP compilation time.
17-Jun-2022 00:48:57.060 INFO [Catalina-utility-1] org.apache.catalina.startup.HostConfig.deployWAR Deployment of web application archive [/Users/rabiu/Desktop/apache-tomcat-9.0.21/webapps/api-remote.war] has finished in [843] ms
17-Jun-2022 00:49:52.772 INFO [main] org.apache.catalina.core.StandardServer.await A valid shutdown command was received via the shutdown port. Stopping the Server instance.
17-Jun-2022 00:49:52.773 INFO [main] org.apache.coyote.AbstractProtocol.pause Pausing ProtocolHandler ["http-nio-8091"]
17-Jun-2022 00:49:52.782 INFO [main] org.apache.coyote.AbstractProtocol.pause Pausing ProtocolHandler ["ajp-nio-8009"]
17-Jun-2022 00:49:52.790 INFO [main] org.apache.catalina.core.StandardService.stopInternal Stopping service [Catalina]
17-Jun-2022 00:49:52.845 INFO [main] org.apache.coyote.AbstractProtocol.stop Stopping ProtocolHandler ["http-nio-8091"]
17-Jun-2022 00:49:52.846 INFO [main] org.apache.coyote.AbstractProtocol.stop Stopping ProtocolHandler ["ajp-nio-8009"]
17-Jun-2022 00:49:52.847 INFO [main] org.apache.coyote.AbstractProtocol.destroy Destroying ProtocolHandler ["http-nio-8091"]
17-Jun-2022 00:49:52.847 INFO [main] org.apache.coyote.AbstractProtocol.destroy Destroying ProtocolHandler ["ajp-nio-8009"]
17-Jun-2022 00:49:57.483 INFO [main] org.apache.catalina.startup.VersionLoggerListener.log Server version name:   Apache Tomcat/9.0.21
17-Jun-2022 00:49:57.486 INFO [main] org.apache.catalina.startup.VersionLoggerListener.log Server built:          Jun 4 2019 20:19:36 UTC
17-Jun-2022 00:49:57.486 INFO [main] org.apache.catalina.startup.VersionLoggerListener.log Server version number: 9.0.21.0
17-Jun-2022 00:49:57.487 INFO [main] org.apache.catalina.startup.VersionLoggerListener.log OS Name:               Mac OS X
17-Jun-2022 00:49:57.487 INFO [main] org.apache.catalina.startup.VersionLoggerListener.log OS Version:            11.6.2
17-Jun-2022 00:49:57.487 INFO [main] org.apache.catalina.startup.VersionLoggerListener.log Architecture:          x86_64
17-Jun-2022 00:49:57.487 INFO [main] org.apache.catalina.startup.VersionLoggerListener.log Java Home:             /Applications/Android Studio.app/Contents/jre/Contents/Home
17-Jun-2022 00:49:57.487 INFO [main] org.apache.catalina.startup.VersionLoggerListener.log JVM Version:           11.0.11+0-b60-7590822
17-Jun-2022 00:49:57.487 INFO [main] org.apache.catalina.startup.VersionLoggerListener.log JVM Vendor:            JetBrains s.r.o.
17-Jun-2022 00:49:57.487 INFO [main] org.apache.catalina.startup.VersionLoggerListener.log CATALINA_BASE:         /Users/rabiu/Desktop/apache-tomcat-9.0.21
17-Jun-2022 00:49:57.487 INFO [main] org.apache.catalina.startup.VersionLoggerListener.log CATALINA_HOME:         /Users/rabiu/Desktop/apache-tomcat-9.0.21
17-Jun-2022 00:49:57.500 INFO [main] org.apache.catalina.startup.VersionLoggerListener.log Command line argument: --add-opens=java.base/java.lang=ALL-UNNAMED
17-Jun-2022 00:49:57.501 INFO [main] org.apache.catalina.startup.VersionLoggerListener.log Command line argument: --add-opens=java.base/java.io=ALL-UNNAMED
17-Jun-2022 00:49:57.501 INFO [main] org.apache.catalina.startup.VersionLoggerListener.log Command line argument: --add-opens=java.rmi/sun.rmi.transport=ALL-UNNAMED
17-Jun-2022 00:49:57.501 INFO [main] org.apache.catalina.startup.VersionLoggerListener.log Command line argument: -Djava.util.logging.config.file=/Users/rabiu/Desktop/apache-tomcat-9.0.21/conf/logging.properties
17-Jun-2022 00:49:57.501 INFO [main] org.apache.catalina.startup.VersionLoggerListener.log Command line argument: -Djava.util.logging.manager=org.apache.juli.ClassLoaderLogManager
17-Jun-2022 00:49:57.501 INFO [main] org.apache.catalina.startup.VersionLoggerListener.log Command line argument: -Djdk.tls.ephemeralDHKeySize=2048
17-Jun-2022 00:49:57.501 INFO [main] org.apache.catalina.startup.VersionLoggerListener.log Command line argument: -Djava.protocol.handler.pkgs=org.apache.catalina.webresources
17-Jun-2022 00:49:57.501 INFO [main] org.apache.catalina.startup.VersionLoggerListener.log Command line argument: -Dorg.apache.catalina.security.SecurityListener.UMASK=0027
17-Jun-2022 00:49:57.501 INFO [main] org.apache.catalina.startup.VersionLoggerListener.log Command line argument: -Dignore.endorsed.dirs=
17-Jun-2022 00:49:57.502 INFO [main] org.apache.catalina.startup.VersionLoggerListener.log Command line argument: -Dcatalina.base=/Users/rabiu/Desktop/apache-tomcat-9.0.21
17-Jun-2022 00:49:57.502 INFO [main] org.apache.catalina.startup.VersionLoggerListener.log Command line argument: -Dcatalina.home=/Users/rabiu/Desktop/apache-tomcat-9.0.21
17-Jun-2022 00:49:57.502 INFO [main] org.apache.catalina.startup.VersionLoggerListener.log Command line argument: -Djava.io.tmpdir=/Users/rabiu/Desktop/apache-tomcat-9.0.21/temp
17-Jun-2022 00:49:57.502 INFO [main] org.apache.catalina.core.AprLifecycleListener.lifecycleEvent The APR based Apache Tomcat Native library which allows optimal performance in production environments was not found on the java.library.path: [/Users/rabiu/Library/Java/Extensions:/Library/Java/Extensions:/Network/Library/Java/Extensions:/System/Library/Java/Extensions:/usr/lib/java:.]
17-Jun-2022 00:49:57.687 INFO [main] org.apache.coyote.AbstractProtocol.init Initializing ProtocolHandler ["http-nio-8091"]
17-Jun-2022 00:49:57.714 INFO [main] org.apache.coyote.AbstractProtocol.init Initializing ProtocolHandler ["ajp-nio-8009"]
17-Jun-2022 00:49:57.715 INFO [main] org.apache.catalina.startup.Catalina.load Server initialization in [367] milliseconds
17-Jun-2022 00:49:57.753 INFO [main] org.apache.catalina.core.StandardService.startInternal Starting service [Catalina]
17-Jun-2022 00:49:57.753 INFO [main] org.apache.catalina.core.StandardEngine.startInternal Starting Servlet engine: [Apache Tomcat/9.0.21]
17-Jun-2022 00:49:57.766 INFO [main] org.apache.catalina.startup.HostConfig.deployWAR Deploying web application archive [/Users/rabiu/Desktop/apache-tomcat-9.0.21/webapps/api-remotes.war]
17-Jun-2022 00:49:59.184 INFO [main] org.apache.jasper.servlet.TldScanner.scanJars At least one JAR was scanned for TLDs yet contained no TLDs. Enable debug logging for this logger for a complete list of JARs that were scanned but no TLDs were found in them. Skipping unneeded JARs during scanning can improve startup time and JSP compilation time.
17-Jun-2022 00:49:59.224 INFO [main] org.apache.catalina.startup.HostConfig.deployWAR Deployment of web application archive [/Users/rabiu/Desktop/apache-tomcat-9.0.21/webapps/api-remotes.war] has finished in [1,459] ms
17-Jun-2022 00:49:59.226 INFO [main] org.apache.catalina.startup.HostConfig.deployWAR Deploying web application archive [/Users/rabiu/Desktop/apache-tomcat-9.0.21/webapps/api-remote.war]
17-Jun-2022 00:50:00.223 INFO [main] org.apache.jasper.servlet.TldScanner.scanJars At least one JAR was scanned for TLDs yet contained no TLDs. Enable debug logging for this logger for a complete list of JARs that were scanned but no TLDs were found in them. Skipping unneeded JARs during scanning can improve startup time and JSP compilation time.
17-Jun-2022 00:50:00.229 INFO [main] org.apache.catalina.startup.HostConfig.deployWAR Deployment of web application archive [/Users/rabiu/Desktop/apache-tomcat-9.0.21/webapps/api-remote.war] has finished in [1,004] ms
17-Jun-2022 00:50:00.230 INFO [main] org.apache.catalina.startup.HostConfig.deployWAR Deploying web application archive [/Users/rabiu/Desktop/apache-tomcat-9.0.21/webapps/api-remote-old.war]
17-Jun-2022 00:50:00.407 INFO [main] org.apache.catalina.startup.HostConfig.deployWAR Deployment of web application archive [/Users/rabiu/Desktop/apache-tomcat-9.0.21/webapps/api-remote-old.war] has finished in [177] ms
17-Jun-2022 00:50:00.407 INFO [main] org.apache.catalina.startup.HostConfig.deployDirectory Deploying web application directory [/Users/rabiu/Desktop/apache-tomcat-9.0.21/webapps/tomcat_remote_war]
17-Jun-2022 00:50:00.777 INFO [main] org.apache.catalina.startup.HostConfig.deployDirectory Deployment of web application directory [/Users/rabiu/Desktop/apache-tomcat-9.0.21/webapps/tomcat_remote_war] has finished in [370] ms
17-Jun-2022 00:50:00.777 INFO [main] org.apache.catalina.startup.HostConfig.deployDirectory Deploying web application directory [/Users/rabiu/Desktop/apache-tomcat-9.0.21/webapps/API#remote]
17-Jun-2022 00:50:01.001 INFO [main] org.apache.catalina.startup.HostConfig.deployDirectory Deployment of web application directory [/Users/rabiu/Desktop/apache-tomcat-9.0.21/webapps/API#remote] has finished in [223] ms
17-Jun-2022 00:50:01.001 INFO [main] org.apache.catalina.startup.HostConfig.deployDirectory Deploying web application directory [/Users/rabiu/Desktop/apache-tomcat-9.0.21/webapps/docs]
17-Jun-2022 00:50:01.014 INFO [main] org.apache.catalina.startup.HostConfig.deployDirectory Deployment of web application directory [/Users/rabiu/Desktop/apache-tomcat-9.0.21/webapps/docs] has finished in [13] ms
17-Jun-2022 00:50:01.014 INFO [main] org.apache.catalina.startup.HostConfig.deployDirectory Deploying web application directory [/Users/rabiu/Desktop/apache-tomcat-9.0.21/webapps/manager]
17-Jun-2022 00:50:01.037 INFO [main] org.apache.catalina.startup.HostConfig.deployDirectory Deployment of web application directory [/Users/rabiu/Desktop/apache-tomcat-9.0.21/webapps/manager] has finished in [23] ms
17-Jun-2022 00:50:01.037 INFO [main] org.apache.catalina.startup.HostConfig.deployDirectory Deploying web application directory [/Users/rabiu/Desktop/apache-tomcat-9.0.21/webapps/examples]
17-Jun-2022 00:50:01.202 INFO [main] org.apache.catalina.startup.HostConfig.deployDirectory Deployment of web application directory [/Users/rabiu/Desktop/apache-tomcat-9.0.21/webapps/examples] has finished in [165] ms
17-Jun-2022 00:50:01.203 INFO [main] org.apache.catalina.startup.HostConfig.deployDirectory Deploying web application directory [/Users/rabiu/Desktop/apache-tomcat-9.0.21/webapps/ROOT]
17-Jun-2022 00:50:01.428 INFO [main] org.apache.catalina.startup.HostConfig.deployDirectory Deployment of web application directory [/Users/rabiu/Desktop/apache-tomcat-9.0.21/webapps/ROOT] has finished in [226] ms
17-Jun-2022 00:50:01.428 INFO [main] org.apache.catalina.startup.HostConfig.deployDirectory Deploying web application directory [/Users/rabiu/Desktop/apache-tomcat-9.0.21/webapps/host-manager]
17-Jun-2022 00:50:01.440 INFO [main] org.apache.catalina.startup.HostConfig.deployDirectory Deployment of web application directory [/Users/rabiu/Desktop/apache-tomcat-9.0.21/webapps/host-manager] has finished in [12] ms
17-Jun-2022 00:50:01.444 INFO [main] org.apache.coyote.AbstractProtocol.start Starting ProtocolHandler ["http-nio-8091"]
17-Jun-2022 00:50:01.449 INFO [main] org.apache.coyote.AbstractProtocol.start Starting ProtocolHandler ["ajp-nio-8009"]
17-Jun-2022 00:50:01.451 INFO [main] org.apache.catalina.startup.Catalina.start Server startup in [3,735] milliseconds
17-Jun-2022 00:57:22.320 INFO [Catalina-utility-1] org.apache.catalina.startup.HostConfig.undeploy Undeploying context [/api-remote]
17-Jun-2022 00:57:22.403 INFO [Catalina-utility-1] org.apache.catalina.startup.HostConfig.deployWAR Deploying web application archive [/Users/rabiu/Desktop/apache-tomcat-9.0.21/webapps/api-remote-new.war]
17-Jun-2022 00:57:22.993 INFO [Finalizer] org.apache.catalina.loader.WebappClassLoaderBase.checkStateForResourceLoading Illegal access: this web application instance has been stopped already. Could not load [ch.qos.logback.core.status.WarnStatus]. The following stack trace is thrown for debugging purposes as well as to attempt to terminate the thread which caused the illegal access.
	java.lang.IllegalStateException: Illegal access: this web application instance has been stopped already. Could not load [ch.qos.logback.core.status.WarnStatus]. The following stack trace is thrown for debugging purposes as well as to attempt to terminate the thread which caused the illegal access.
		at org.apache.catalina.loader.WebappClassLoaderBase.checkStateForResourceLoading(WebappClassLoaderBase.java:1385)
		at org.apache.catalina.loader.WebappClassLoaderBase.checkStateForClassLoading(WebappClassLoaderBase.java:1373)
		at org.apache.catalina.loader.WebappClassLoaderBase.loadClass(WebappClassLoaderBase.java:1226)
		at org.apache.catalina.loader.WebappClassLoaderBase.loadClass(WebappClassLoaderBase.java:1188)
		at ch.qos.logback.classic.LoggerContext.noAppenderDefinedWarning(LoggerContext.java:186)
		at ch.qos.logback.classic.Logger.callAppenders(Logger.java:264)
		at ch.qos.logback.classic.Logger.buildLoggingEventAndAppend(Logger.java:421)
		at ch.qos.logback.classic.Logger.filterAndLog_0_Or3Plus(Logger.java:383)
		at ch.qos.logback.classic.Logger.log(Logger.java:765)
		at org.apache.commons.logging.LogAdapter$Slf4jLocationAwareLog.debug(LogAdapter.java:468)
		at org.apache.http.impl.conn.PoolingHttpClientConnectionManager.shutdown(PoolingHttpClientConnectionManager.java:411)
		at org.apache.http.impl.conn.PoolingHttpClientConnectionManager.finalize(PoolingHttpClientConnectionManager.java:207)
		at java.base/java.lang.System$2.invokeFinalize(System.java:2125)
		at java.base/java.lang.ref.Finalizer.runFinalizer(Finalizer.java:87)
		at java.base/java.lang.ref.Finalizer$FinalizerThread.run(Finalizer.java:171)
17-Jun-2022 00:57:22.994 INFO [Finalizer] org.apache.catalina.loader.WebappClassLoaderBase.checkStateForResourceLoading Illegal access: this web application instance has been stopped already. Could not load [org.apache.http.impl.conn.PoolingHttpClientConnectionManager$2]. The following stack trace is thrown for debugging purposes as well as to attempt to terminate the thread which caused the illegal access.
	java.lang.IllegalStateException: Illegal access: this web application instance has been stopped already. Could not load [org.apache.http.impl.conn.PoolingHttpClientConnectionManager$2]. The following stack trace is thrown for debugging purposes as well as to attempt to terminate the thread which caused the illegal access.
		at org.apache.catalina.loader.WebappClassLoaderBase.checkStateForResourceLoading(WebappClassLoaderBase.java:1385)
		at org.apache.catalina.loader.WebappClassLoaderBase.checkStateForClassLoading(WebappClassLoaderBase.java:1373)
		at org.apache.catalina.loader.WebappClassLoaderBase.loadClass(WebappClassLoaderBase.java:1226)
		at org.apache.catalina.loader.WebappClassLoaderBase.loadClass(WebappClassLoaderBase.java:1188)
		at org.apache.http.impl.conn.PoolingHttpClientConnectionManager.shutdown(PoolingHttpClientConnectionManager.java:413)
		at org.apache.http.impl.conn.PoolingHttpClientConnectionManager.finalize(PoolingHttpClientConnectionManager.java:207)
		at java.base/java.lang.System$2.invokeFinalize(System.java:2125)
		at java.base/java.lang.ref.Finalizer.runFinalizer(Finalizer.java:87)
		at java.base/java.lang.ref.Finalizer$FinalizerThread.run(Finalizer.java:171)
17-Jun-2022 00:57:23.850 INFO [Catalina-utility-1] org.apache.jasper.servlet.TldScanner.scanJars At least one JAR was scanned for TLDs yet contained no TLDs. Enable debug logging for this logger for a complete list of JARs that were scanned but no TLDs were found in them. Skipping unneeded JARs during scanning can improve startup time and JSP compilation time.
17-Jun-2022 00:57:23.873 INFO [Catalina-utility-1] org.apache.catalina.startup.HostConfig.deployWAR Deployment of web application archive [/Users/rabiu/Desktop/apache-tomcat-9.0.21/webapps/api-remote-new.war] has finished in [1,470] ms
17-Jun-2022 01:07:00.869 INFO [main] org.apache.catalina.startup.VersionLoggerListener.log Server version name:   Apache Tomcat/9.0.21
17-Jun-2022 01:07:00.872 INFO [main] org.apache.catalina.startup.VersionLoggerListener.log Server built:          Jun 4 2019 20:19:36 UTC
17-Jun-2022 01:07:00.872 INFO [main] org.apache.catalina.startup.VersionLoggerListener.log Server version number: 9.0.21.0
17-Jun-2022 01:07:00.872 INFO [main] org.apache.catalina.startup.VersionLoggerListener.log OS Name:               Mac OS X
17-Jun-2022 01:07:00.872 INFO [main] org.apache.catalina.startup.VersionLoggerListener.log OS Version:            11.6.2
17-Jun-2022 01:07:00.873 INFO [main] org.apache.catalina.startup.VersionLoggerListener.log Architecture:          x86_64
17-Jun-2022 01:07:00.873 INFO [main] org.apache.catalina.startup.VersionLoggerListener.log Java Home:             /Applications/Android Studio.app/Contents/jre/Contents/Home
17-Jun-2022 01:07:00.873 INFO [main] org.apache.catalina.startup.VersionLoggerListener.log JVM Version:           11.0.11+0-b60-7590822
17-Jun-2022 01:07:00.873 INFO [main] org.apache.catalina.startup.VersionLoggerListener.log JVM Vendor:            JetBrains s.r.o.
17-Jun-2022 01:07:00.873 INFO [main] org.apache.catalina.startup.VersionLoggerListener.log CATALINA_BASE:         /Users/rabiu/Desktop/apache-tomcat-9.0.21
17-Jun-2022 01:07:00.873 INFO [main] org.apache.catalina.startup.VersionLoggerListener.log CATALINA_HOME:         /Users/rabiu/Desktop/apache-tomcat-9.0.21
17-Jun-2022 01:07:00.885 INFO [main] org.apache.catalina.startup.VersionLoggerListener.log Command line argument: --add-opens=java.base/java.lang=ALL-UNNAMED
17-Jun-2022 01:07:00.886 INFO [main] org.apache.catalina.startup.VersionLoggerListener.log Command line argument: --add-opens=java.base/java.io=ALL-UNNAMED
17-Jun-2022 01:07:00.886 INFO [main] org.apache.catalina.startup.VersionLoggerListener.log Command line argument: --add-opens=java.rmi/sun.rmi.transport=ALL-UNNAMED
17-Jun-2022 01:07:00.886 INFO [main] org.apache.catalina.startup.VersionLoggerListener.log Command line argument: -Djava.util.logging.config.file=/Users/rabiu/Desktop/apache-tomcat-9.0.21/conf/logging.properties
17-Jun-2022 01:07:00.886 INFO [main] org.apache.catalina.startup.VersionLoggerListener.log Command line argument: -Djava.util.logging.manager=org.apache.juli.ClassLoaderLogManager
17-Jun-2022 01:07:00.886 INFO [main] org.apache.catalina.startup.VersionLoggerListener.log Command line argument: -Djdk.tls.ephemeralDHKeySize=2048
17-Jun-2022 01:07:00.886 INFO [main] org.apache.catalina.startup.VersionLoggerListener.log Command line argument: -Djava.protocol.handler.pkgs=org.apache.catalina.webresources
17-Jun-2022 01:07:00.886 INFO [main] org.apache.catalina.startup.VersionLoggerListener.log Command line argument: -Dorg.apache.catalina.security.SecurityListener.UMASK=0027
17-Jun-2022 01:07:00.886 INFO [main] org.apache.catalina.startup.VersionLoggerListener.log Command line argument: -Dignore.endorsed.dirs=
17-Jun-2022 01:07:00.886 INFO [main] org.apache.catalina.startup.VersionLoggerListener.log Command line argument: -Dcatalina.base=/Users/rabiu/Desktop/apache-tomcat-9.0.21
17-Jun-2022 01:07:00.887 INFO [main] org.apache.catalina.startup.VersionLoggerListener.log Command line argument: -Dcatalina.home=/Users/rabiu/Desktop/apache-tomcat-9.0.21
17-Jun-2022 01:07:00.887 INFO [main] org.apache.catalina.startup.VersionLoggerListener.log Command line argument: -Djava.io.tmpdir=/Users/rabiu/Desktop/apache-tomcat-9.0.21/temp
17-Jun-2022 01:07:00.887 INFO [main] org.apache.catalina.core.AprLifecycleListener.lifecycleEvent The APR based Apache Tomcat Native library which allows optimal performance in production environments was not found on the java.library.path: [/Users/rabiu/Library/Java/Extensions:/Library/Java/Extensions:/Network/Library/Java/Extensions:/System/Library/Java/Extensions:/usr/lib/java:.]
17-Jun-2022 01:07:01.065 INFO [main] org.apache.coyote.AbstractProtocol.init Initializing ProtocolHandler ["http-nio-8091"]
17-Jun-2022 01:07:01.088 SEVERE [main] org.apache.catalina.util.LifecycleBase.handleSubClassException Failed to initialize component [Connector[HTTP/1.1-8091]]
	org.apache.catalina.LifecycleException: Protocol handler initialization failed
		at org.apache.catalina.connector.Connector.initInternal(Connector.java:983)
		at org.apache.catalina.util.LifecycleBase.init(LifecycleBase.java:136)
		at org.apache.catalina.core.StandardService.initInternal(StandardService.java:533)
		at org.apache.catalina.util.LifecycleBase.init(LifecycleBase.java:136)
		at org.apache.catalina.core.StandardServer.initInternal(StandardServer.java:1059)
		at org.apache.catalina.util.LifecycleBase.init(LifecycleBase.java:136)
		at org.apache.catalina.startup.Catalina.load(Catalina.java:584)
		at org.apache.catalina.startup.Catalina.load(Catalina.java:607)
		at java.base/jdk.internal.reflect.NativeMethodAccessorImpl.invoke0(Native Method)
		at java.base/jdk.internal.reflect.NativeMethodAccessorImpl.invoke(NativeMethodAccessorImpl.java:62)
		at java.base/jdk.internal.reflect.DelegatingMethodAccessorImpl.invoke(DelegatingMethodAccessorImpl.java:43)
		at java.base/java.lang.reflect.Method.invoke(Method.java:566)
		at org.apache.catalina.startup.Bootstrap.load(Bootstrap.java:304)
		at org.apache.catalina.startup.Bootstrap.main(Bootstrap.java:474)
	Caused by: java.net.BindException: Address already in use
		at java.base/sun.nio.ch.Net.bind0(Native Method)
		at java.base/sun.nio.ch.Net.bind(Net.java:455)
		at java.base/sun.nio.ch.Net.bind(Net.java:447)
		at java.base/sun.nio.ch.ServerSocketChannelImpl.bind(ServerSocketChannelImpl.java:227)
		at java.base/sun.nio.ch.ServerSocketAdaptor.bind(ServerSocketAdaptor.java:80)
		at org.apache.tomcat.util.net.NioEndpoint.initServerSocket(NioEndpoint.java:230)
		at org.apache.tomcat.util.net.NioEndpoint.bind(NioEndpoint.java:213)
		at org.apache.tomcat.util.net.AbstractEndpoint.bindWithCleanup(AbstractEndpoint.java:1124)
		at org.apache.tomcat.util.net.AbstractEndpoint.init(AbstractEndpoint.java:1137)
		at org.apache.coyote.AbstractProtocol.init(AbstractProtocol.java:574)
		at org.apache.coyote.http11.AbstractHttp11Protocol.init(AbstractHttp11Protocol.java:74)
		at org.apache.catalina.connector.Connector.initInternal(Connector.java:980)
		... 13 more
17-Jun-2022 01:07:01.089 INFO [main] org.apache.coyote.AbstractProtocol.init Initializing ProtocolHandler ["ajp-nio-8009"]
17-Jun-2022 01:07:01.090 SEVERE [main] org.apache.catalina.util.LifecycleBase.handleSubClassException Failed to initialize component [Connector[AJP/1.3-8009]]
	org.apache.catalina.LifecycleException: Protocol handler initialization failed
		at org.apache.catalina.connector.Connector.initInternal(Connector.java:983)
		at org.apache.catalina.util.LifecycleBase.init(LifecycleBase.java:136)
		at org.apache.catalina.core.StandardService.initInternal(StandardService.java:533)
		at org.apache.catalina.util.LifecycleBase.init(LifecycleBase.java:136)
		at org.apache.catalina.core.StandardServer.initInternal(StandardServer.java:1059)
		at org.apache.catalina.util.LifecycleBase.init(LifecycleBase.java:136)
		at org.apache.catalina.startup.Catalina.load(Catalina.java:584)
		at org.apache.catalina.startup.Catalina.load(Catalina.java:607)
		at java.base/jdk.internal.reflect.NativeMethodAccessorImpl.invoke0(Native Method)
		at java.base/jdk.internal.reflect.NativeMethodAccessorImpl.invoke(NativeMethodAccessorImpl.java:62)
		at java.base/jdk.internal.reflect.DelegatingMethodAccessorImpl.invoke(DelegatingMethodAccessorImpl.java:43)
		at java.base/java.lang.reflect.Method.invoke(Method.java:566)
		at org.apache.catalina.startup.Bootstrap.load(Bootstrap.java:304)
		at org.apache.catalina.startup.Bootstrap.main(Bootstrap.java:474)
	Caused by: java.net.BindException: Address already in use
		at java.base/sun.nio.ch.Net.bind0(Native Method)
		at java.base/sun.nio.ch.Net.bind(Net.java:455)
		at java.base/sun.nio.ch.Net.bind(Net.java:447)
		at java.base/sun.nio.ch.ServerSocketChannelImpl.bind(ServerSocketChannelImpl.java:227)
		at java.base/sun.nio.ch.ServerSocketAdaptor.bind(ServerSocketAdaptor.java:80)
		at org.apache.tomcat.util.net.NioEndpoint.initServerSocket(NioEndpoint.java:230)
		at org.apache.tomcat.util.net.NioEndpoint.bind(NioEndpoint.java:213)
		at org.apache.tomcat.util.net.AbstractEndpoint.bindWithCleanup(AbstractEndpoint.java:1124)
		at org.apache.tomcat.util.net.AbstractEndpoint.init(AbstractEndpoint.java:1137)
		at org.apache.coyote.AbstractProtocol.init(AbstractProtocol.java:574)
		at org.apache.catalina.connector.Connector.initInternal(Connector.java:980)
		... 13 more
17-Jun-2022 01:07:01.091 INFO [main] org.apache.catalina.startup.Catalina.load Server initialization in [362] milliseconds
17-Jun-2022 01:07:01.128 INFO [main] org.apache.catalina.core.StandardService.startInternal Starting service [Catalina]
17-Jun-2022 01:07:01.128 INFO [main] org.apache.catalina.core.StandardEngine.startInternal Starting Servlet engine: [Apache Tomcat/9.0.21]
17-Jun-2022 01:07:01.141 INFO [main] org.apache.catalina.startup.HostConfig.deployWAR Deploying web application archive [/Users/rabiu/Desktop/apache-tomcat-9.0.21/webapps/api-remote-new.war]
17-Jun-2022 01:07:02.666 INFO [main] org.apache.jasper.servlet.TldScanner.scanJars At least one JAR was scanned for TLDs yet contained no TLDs. Enable debug logging for this logger for a complete list of JARs that were scanned but no TLDs were found in them. Skipping unneeded JARs during scanning can improve startup time and JSP compilation time.
17-Jun-2022 01:07:02.699 INFO [main] org.apache.catalina.startup.HostConfig.deployWAR Deployment of web application archive [/Users/rabiu/Desktop/apache-tomcat-9.0.21/webapps/api-remote-new.war] has finished in [1,559] ms
17-Jun-2022 01:07:02.700 INFO [main] org.apache.catalina.startup.HostConfig.deployWAR Deploying web application archive [/Users/rabiu/Desktop/apache-tomcat-9.0.21/webapps/api-remotes.war]
17-Jun-2022 01:07:04.040 INFO [main] org.apache.jasper.servlet.TldScanner.scanJars At least one JAR was scanned for TLDs yet contained no TLDs. Enable debug logging for this logger for a complete list of JARs that were scanned but no TLDs were found in them. Skipping unneeded JARs during scanning can improve startup time and JSP compilation time.
17-Jun-2022 01:07:04.045 INFO [main] org.apache.catalina.startup.HostConfig.deployWAR Deployment of web application archive [/Users/rabiu/Desktop/apache-tomcat-9.0.21/webapps/api-remotes.war] has finished in [1,345] ms
17-Jun-2022 01:07:04.048 INFO [main] org.apache.catalina.startup.HostConfig.deployWAR Deploying web application archive [/Users/rabiu/Desktop/apache-tomcat-9.0.21/webapps/api-remote-old.war]
17-Jun-2022 01:07:04.267 INFO [main] org.apache.catalina.startup.HostConfig.deployWAR Deployment of web application archive [/Users/rabiu/Desktop/apache-tomcat-9.0.21/webapps/api-remote-old.war] has finished in [219] ms
17-Jun-2022 01:07:04.268 INFO [main] org.apache.catalina.startup.HostConfig.deployDirectory Deploying web application directory [/Users/rabiu/Desktop/apache-tomcat-9.0.21/webapps/tomcat_remote_war]
17-Jun-2022 01:07:04.717 INFO [main] org.apache.catalina.startup.HostConfig.deployDirectory Deployment of web application directory [/Users/rabiu/Desktop/apache-tomcat-9.0.21/webapps/tomcat_remote_war] has finished in [449] ms
17-Jun-2022 01:07:04.717 INFO [main] org.apache.catalina.startup.HostConfig.deployDirectory Deploying web application directory [/Users/rabiu/Desktop/apache-tomcat-9.0.21/webapps/API#remote]
17-Jun-2022 01:07:04.943 INFO [main] org.apache.catalina.startup.HostConfig.deployDirectory Deployment of web application directory [/Users/rabiu/Desktop/apache-tomcat-9.0.21/webapps/API#remote] has finished in [226] ms
17-Jun-2022 01:07:04.943 INFO [main] org.apache.catalina.startup.HostConfig.deployDirectory Deploying web application directory [/Users/rabiu/Desktop/apache-tomcat-9.0.21/webapps/docs]
17-Jun-2022 01:07:04.954 INFO [main] org.apache.catalina.startup.HostConfig.deployDirectory Deployment of web application directory [/Users/rabiu/Desktop/apache-tomcat-9.0.21/webapps/docs] has finished in [11] ms
17-Jun-2022 01:07:04.954 INFO [main] org.apache.catalina.startup.HostConfig.deployDirectory Deploying web application directory [/Users/rabiu/Desktop/apache-tomcat-9.0.21/webapps/manager]
17-Jun-2022 01:07:04.973 INFO [main] org.apache.catalina.startup.HostConfig.deployDirectory Deployment of web application directory [/Users/rabiu/Desktop/apache-tomcat-9.0.21/webapps/manager] has finished in [18] ms
17-Jun-2022 01:07:04.973 INFO [main] org.apache.catalina.startup.HostConfig.deployDirectory Deploying web application directory [/Users/rabiu/Desktop/apache-tomcat-9.0.21/webapps/examples]
17-Jun-2022 01:07:05.126 INFO [main] org.apache.catalina.startup.HostConfig.deployDirectory Deployment of web application directory [/Users/rabiu/Desktop/apache-tomcat-9.0.21/webapps/examples] has finished in [153] ms
17-Jun-2022 01:07:05.126 INFO [main] org.apache.catalina.startup.HostConfig.deployDirectory Deploying web application directory [/Users/rabiu/Desktop/apache-tomcat-9.0.21/webapps/ROOT]
17-Jun-2022 01:07:05.364 INFO [main] org.apache.catalina.startup.HostConfig.deployDirectory Deployment of web application directory [/Users/rabiu/Desktop/apache-tomcat-9.0.21/webapps/ROOT] has finished in [238] ms
17-Jun-2022 01:07:05.364 INFO [main] org.apache.catalina.startup.HostConfig.deployDirectory Deploying web application directory [/Users/rabiu/Desktop/apache-tomcat-9.0.21/webapps/host-manager]
17-Jun-2022 01:07:05.375 INFO [main] org.apache.catalina.startup.HostConfig.deployDirectory Deployment of web application directory [/Users/rabiu/Desktop/apache-tomcat-9.0.21/webapps/host-manager] has finished in [11] ms
17-Jun-2022 01:07:05.379 INFO [main] org.apache.catalina.startup.Catalina.start Server startup in [4,287] milliseconds
17-Jun-2022 01:07:05.384 SEVERE [main] org.apache.catalina.core.StandardServer.await Failed to create server shutdown socket on address [localhost] and port [8005] (base port [8005] and offset [0])
	java.net.BindException: Address already in use (Bind failed)
		at java.base/java.net.PlainSocketImpl.socketBind(Native Method)
		at java.base/java.net.AbstractPlainSocketImpl.bind(AbstractPlainSocketImpl.java:436)
		at java.base/java.net.ServerSocket.bind(ServerSocket.java:395)
		at java.base/java.net.ServerSocket.<init>(ServerSocket.java:257)
		at org.apache.catalina.core.StandardServer.await(StandardServer.java:584)
		at org.apache.catalina.startup.Catalina.await(Catalina.java:721)
		at org.apache.catalina.startup.Catalina.start(Catalina.java:667)
		at java.base/jdk.internal.reflect.NativeMethodAccessorImpl.invoke0(Native Method)
		at java.base/jdk.internal.reflect.NativeMethodAccessorImpl.invoke(NativeMethodAccessorImpl.java:62)
		at java.base/jdk.internal.reflect.DelegatingMethodAccessorImpl.invoke(DelegatingMethodAccessorImpl.java:43)
		at java.base/java.lang.reflect.Method.invoke(Method.java:566)
		at org.apache.catalina.startup.Bootstrap.start(Bootstrap.java:344)
		at org.apache.catalina.startup.Bootstrap.main(Bootstrap.java:475)
17-Jun-2022 01:07:05.384 INFO [main] org.apache.coyote.AbstractProtocol.pause Pausing ProtocolHandler ["http-nio-8091"]
17-Jun-2022 01:07:05.384 INFO [main] org.apache.coyote.AbstractProtocol.pause Pausing ProtocolHandler ["ajp-nio-8009"]
17-Jun-2022 01:07:05.384 INFO [main] org.apache.catalina.core.StandardService.stopInternal Stopping service [Catalina]
17-Jun-2022 01:07:05.414 INFO [main] org.apache.coyote.AbstractProtocol.stop Stopping ProtocolHandler ["http-nio-8091"]
17-Jun-2022 01:07:05.414 INFO [main] org.apache.coyote.AbstractProtocol.destroy Destroying ProtocolHandler ["http-nio-8091"]
17-Jun-2022 01:07:05.414 INFO [main] org.apache.coyote.AbstractProtocol.stop Stopping ProtocolHandler ["ajp-nio-8009"]
17-Jun-2022 01:07:05.414 INFO [main] org.apache.coyote.AbstractProtocol.destroy Destroying ProtocolHandler ["ajp-nio-8009"]
17-Jun-2022 01:50:16.107 INFO [Catalina-utility-2] org.apache.catalina.startup.HostConfig.deployDirectory Deploying web application directory [/Users/rabiu/Desktop/apache-tomcat-9.0.21/webapps/api-remote]
17-Jun-2022 01:50:18.034 INFO [Catalina-utility-2] org.apache.jasper.servlet.TldScanner.scanJars At least one JAR was scanned for TLDs yet contained no TLDs. Enable debug logging for this logger for a complete list of JARs that were scanned but no TLDs were found in them. Skipping unneeded JARs during scanning can improve startup time and JSP compilation time.
17-Jun-2022 01:50:18.040 INFO [Catalina-utility-2] org.apache.catalina.startup.HostConfig.deployDirectory Deployment of web application directory [/Users/rabiu/Desktop/apache-tomcat-9.0.21/webapps/api-remote] has finished in [1,948] ms
17-Jun-2022 01:50:28.051 INFO [Catalina-utility-1] org.apache.catalina.startup.HostConfig.undeploy Undeploying context [/api-remote]
17-Jun-2022 01:50:28.125 INFO [Catalina-utility-1] org.apache.catalina.startup.HostConfig.deployWAR Deploying web application archive [/Users/rabiu/Desktop/apache-tomcat-9.0.21/webapps/API-remote.war]
17-Jun-2022 01:50:29.327 INFO [Catalina-utility-1] org.apache.jasper.servlet.TldScanner.scanJars At least one JAR was scanned for TLDs yet contained no TLDs. Enable debug logging for this logger for a complete list of JARs that were scanned but no TLDs were found in them. Skipping unneeded JARs during scanning can improve startup time and JSP compilation time.
17-Jun-2022 01:50:29.331 INFO [Catalina-utility-1] org.apache.catalina.startup.HostConfig.deployWAR Deployment of web application archive [/Users/rabiu/Desktop/apache-tomcat-9.0.21/webapps/API-remote.war] has finished in [1,206] ms
17-Jun-2022 01:51:09.352 INFO [Catalina-utility-2] org.apache.catalina.startup.HostConfig.deployWAR Deploying web application archive [/Users/rabiu/Desktop/apache-tomcat-9.0.21/webapps/api-remote.war]
17-Jun-2022 01:51:10.367 INFO [Catalina-utility-2] org.apache.jasper.servlet.TldScanner.scanJars At least one JAR was scanned for TLDs yet contained no TLDs. Enable debug logging for this logger for a complete list of JARs that were scanned but no TLDs were found in them. Skipping unneeded JARs during scanning can improve startup time and JSP compilation time.
17-Jun-2022 01:51:10.367 SEVERE [Catalina-utility-2] org.apache.catalina.core.StandardContext.startInternal One or more listeners failed to start. Full details will be found in the appropriate container log file
17-Jun-2022 01:51:10.374 SEVERE [Catalina-utility-2] org.apache.catalina.core.StandardContext.startInternal Context [/api-remote] startup failed due to previous errors
17-Jun-2022 01:51:10.382 INFO [Catalina-utility-2] org.apache.catalina.startup.HostConfig.deployWAR Deployment of web application archive [/Users/rabiu/Desktop/apache-tomcat-9.0.21/webapps/api-remote.war] has finished in [1,030] ms
17-Jun-2022 01:51:33.557 INFO [main] org.apache.catalina.core.StandardServer.await A valid shutdown command was received via the shutdown port. Stopping the Server instance.
17-Jun-2022 01:51:33.560 INFO [main] org.apache.coyote.AbstractProtocol.pause Pausing ProtocolHandler ["http-nio-8091"]
17-Jun-2022 01:51:33.579 INFO [main] org.apache.coyote.AbstractProtocol.pause Pausing ProtocolHandler ["ajp-nio-8009"]
17-Jun-2022 01:51:33.588 INFO [main] org.apache.catalina.core.StandardService.stopInternal Stopping service [Catalina]
17-Jun-2022 01:51:33.695 INFO [main] org.apache.coyote.AbstractProtocol.stop Stopping ProtocolHandler ["http-nio-8091"]
17-Jun-2022 01:51:33.704 INFO [main] org.apache.coyote.AbstractProtocol.stop Stopping ProtocolHandler ["ajp-nio-8009"]
17-Jun-2022 01:51:33.706 INFO [main] org.apache.coyote.AbstractProtocol.destroy Destroying ProtocolHandler ["http-nio-8091"]
17-Jun-2022 01:51:33.707 INFO [main] org.apache.coyote.AbstractProtocol.destroy Destroying ProtocolHandler ["ajp-nio-8009"]
17-Jun-2022 01:51:38.144 INFO [main] org.apache.catalina.startup.VersionLoggerListener.log Server version name:   Apache Tomcat/9.0.21
17-Jun-2022 01:51:38.147 INFO [main] org.apache.catalina.startup.VersionLoggerListener.log Server built:          Jun 4 2019 20:19:36 UTC
17-Jun-2022 01:51:38.147 INFO [main] org.apache.catalina.startup.VersionLoggerListener.log Server version number: 9.0.21.0
17-Jun-2022 01:51:38.147 INFO [main] org.apache.catalina.startup.VersionLoggerListener.log OS Name:               Mac OS X
17-Jun-2022 01:51:38.147 INFO [main] org.apache.catalina.startup.VersionLoggerListener.log OS Version:            11.6.2
17-Jun-2022 01:51:38.147 INFO [main] org.apache.catalina.startup.VersionLoggerListener.log Architecture:          x86_64
17-Jun-2022 01:51:38.147 INFO [main] org.apache.catalina.startup.VersionLoggerListener.log Java Home:             /Applications/Android Studio.app/Contents/jre/Contents/Home
17-Jun-2022 01:51:38.148 INFO [main] org.apache.catalina.startup.VersionLoggerListener.log JVM Version:           11.0.11+0-b60-7590822
17-Jun-2022 01:51:38.148 INFO [main] org.apache.catalina.startup.VersionLoggerListener.log JVM Vendor:            JetBrains s.r.o.
17-Jun-2022 01:51:38.148 INFO [main] org.apache.catalina.startup.VersionLoggerListener.log CATALINA_BASE:         /Users/rabiu/Desktop/apache-tomcat-9.0.21
17-Jun-2022 01:51:38.148 INFO [main] org.apache.catalina.startup.VersionLoggerListener.log CATALINA_HOME:         /Users/rabiu/Desktop/apache-tomcat-9.0.21
17-Jun-2022 01:51:38.161 INFO [main] org.apache.catalina.startup.VersionLoggerListener.log Command line argument: --add-opens=java.base/java.lang=ALL-UNNAMED
17-Jun-2022 01:51:38.161 INFO [main] org.apache.catalina.startup.VersionLoggerListener.log Command line argument: --add-opens=java.base/java.io=ALL-UNNAMED
17-Jun-2022 01:51:38.161 INFO [main] org.apache.catalina.startup.VersionLoggerListener.log Command line argument: --add-opens=java.rmi/sun.rmi.transport=ALL-UNNAMED
17-Jun-2022 01:51:38.161 INFO [main] org.apache.catalina.startup.VersionLoggerListener.log Command line argument: -Djava.util.logging.config.file=/Users/rabiu/Desktop/apache-tomcat-9.0.21/conf/logging.properties
17-Jun-2022 01:51:38.161 INFO [main] org.apache.catalina.startup.VersionLoggerListener.log Command line argument: -Djava.util.logging.manager=org.apache.juli.ClassLoaderLogManager
17-Jun-2022 01:51:38.161 INFO [main] org.apache.catalina.startup.VersionLoggerListener.log Command line argument: -Djdk.tls.ephemeralDHKeySize=2048
17-Jun-2022 01:51:38.161 INFO [main] org.apache.catalina.startup.VersionLoggerListener.log Command line argument: -Djava.protocol.handler.pkgs=org.apache.catalina.webresources
17-Jun-2022 01:51:38.161 INFO [main] org.apache.catalina.startup.VersionLoggerListener.log Command line argument: -Dorg.apache.catalina.security.SecurityListener.UMASK=0027
17-Jun-2022 01:51:38.162 INFO [main] org.apache.catalina.startup.VersionLoggerListener.log Command line argument: -Dignore.endorsed.dirs=
17-Jun-2022 01:51:38.162 INFO [main] org.apache.catalina.startup.VersionLoggerListener.log Command line argument: -Dcatalina.base=/Users/rabiu/Desktop/apache-tomcat-9.0.21
17-Jun-2022 01:51:38.162 INFO [main] org.apache.catalina.startup.VersionLoggerListener.log Command line argument: -Dcatalina.home=/Users/rabiu/Desktop/apache-tomcat-9.0.21
17-Jun-2022 01:51:38.162 INFO [main] org.apache.catalina.startup.VersionLoggerListener.log Command line argument: -Djava.io.tmpdir=/Users/rabiu/Desktop/apache-tomcat-9.0.21/temp
17-Jun-2022 01:51:38.162 INFO [main] org.apache.catalina.core.AprLifecycleListener.lifecycleEvent The APR based Apache Tomcat Native library which allows optimal performance in production environments was not found on the java.library.path: [/Users/rabiu/Library/Java/Extensions:/Library/Java/Extensions:/Network/Library/Java/Extensions:/System/Library/Java/Extensions:/usr/lib/java:.]
17-Jun-2022 01:51:38.345 INFO [main] org.apache.coyote.AbstractProtocol.init Initializing ProtocolHandler ["http-nio-8091"]
17-Jun-2022 01:51:38.374 INFO [main] org.apache.coyote.AbstractProtocol.init Initializing ProtocolHandler ["ajp-nio-8009"]
17-Jun-2022 01:51:38.391 INFO [main] org.apache.catalina.startup.Catalina.load Server initialization in [376] milliseconds
17-Jun-2022 01:51:38.431 INFO [main] org.apache.catalina.core.StandardService.startInternal Starting service [Catalina]
17-Jun-2022 01:51:38.431 INFO [main] org.apache.catalina.core.StandardEngine.startInternal Starting Servlet engine: [Apache Tomcat/9.0.21]
17-Jun-2022 01:51:38.443 INFO [main] org.apache.catalina.startup.HostConfig.deployWAR Deploying web application archive [/Users/rabiu/Desktop/apache-tomcat-9.0.21/webapps/api-remote-new.war]
17-Jun-2022 01:51:39.818 INFO [main] org.apache.jasper.servlet.TldScanner.scanJars At least one JAR was scanned for TLDs yet contained no TLDs. Enable debug logging for this logger for a complete list of JARs that were scanned but no TLDs were found in them. Skipping unneeded JARs during scanning can improve startup time and JSP compilation time.
17-Jun-2022 01:51:39.850 INFO [main] org.apache.catalina.startup.HostConfig.deployWAR Deployment of web application archive [/Users/rabiu/Desktop/apache-tomcat-9.0.21/webapps/api-remote-new.war] has finished in [1,406] ms
17-Jun-2022 01:51:39.852 INFO [main] org.apache.catalina.startup.HostConfig.deployWAR Deploying web application archive [/Users/rabiu/Desktop/apache-tomcat-9.0.21/webapps/api-remotes.war]
17-Jun-2022 01:51:41.049 INFO [main] org.apache.jasper.servlet.TldScanner.scanJars At least one JAR was scanned for TLDs yet contained no TLDs. Enable debug logging for this logger for a complete list of JARs that were scanned but no TLDs were found in them. Skipping unneeded JARs during scanning can improve startup time and JSP compilation time.
17-Jun-2022 01:51:41.054 INFO [main] org.apache.catalina.startup.HostConfig.deployWAR Deployment of web application archive [/Users/rabiu/Desktop/apache-tomcat-9.0.21/webapps/api-remotes.war] has finished in [1,202] ms
17-Jun-2022 01:51:41.055 INFO [main] org.apache.catalina.startup.HostConfig.deployWAR Deploying web application archive [/Users/rabiu/Desktop/apache-tomcat-9.0.21/webapps/api-remote.war]
17-Jun-2022 01:51:42.302 INFO [main] org.apache.jasper.servlet.TldScanner.scanJars At least one JAR was scanned for TLDs yet contained no TLDs. Enable debug logging for this logger for a complete list of JARs that were scanned but no TLDs were found in them. Skipping unneeded JARs during scanning can improve startup time and JSP compilation time.
17-Jun-2022 01:51:42.308 INFO [main] org.apache.catalina.startup.HostConfig.deployWAR Deployment of web application archive [/Users/rabiu/Desktop/apache-tomcat-9.0.21/webapps/api-remote.war] has finished in [1,253] ms
17-Jun-2022 01:51:42.309 INFO [main] org.apache.catalina.startup.HostConfig.deployWAR Deploying web application archive [/Users/rabiu/Desktop/apache-tomcat-9.0.21/webapps/api-remote-old.war]
17-Jun-2022 01:51:42.499 INFO [main] org.apache.catalina.startup.HostConfig.deployWAR Deployment of web application archive [/Users/rabiu/Desktop/apache-tomcat-9.0.21/webapps/api-remote-old.war] has finished in [190] ms
17-Jun-2022 01:51:42.500 INFO [main] org.apache.catalina.startup.HostConfig.deployDirectory Deploying web application directory [/Users/rabiu/Desktop/apache-tomcat-9.0.21/webapps/tomcat_remote_war]
17-Jun-2022 01:51:42.893 INFO [main] org.apache.catalina.startup.HostConfig.deployDirectory Deployment of web application directory [/Users/rabiu/Desktop/apache-tomcat-9.0.21/webapps/tomcat_remote_war] has finished in [393] ms
17-Jun-2022 01:51:42.894 INFO [main] org.apache.catalina.startup.HostConfig.deployDirectory Deploying web application directory [/Users/rabiu/Desktop/apache-tomcat-9.0.21/webapps/API#remote]
17-Jun-2022 01:51:43.103 INFO [main] org.apache.catalina.startup.HostConfig.deployDirectory Deployment of web application directory [/Users/rabiu/Desktop/apache-tomcat-9.0.21/webapps/API#remote] has finished in [209] ms
17-Jun-2022 01:51:43.103 INFO [main] org.apache.catalina.startup.HostConfig.deployDirectory Deploying web application directory [/Users/rabiu/Desktop/apache-tomcat-9.0.21/webapps/docs]
17-Jun-2022 01:51:43.115 INFO [main] org.apache.catalina.startup.HostConfig.deployDirectory Deployment of web application directory [/Users/rabiu/Desktop/apache-tomcat-9.0.21/webapps/docs] has finished in [12] ms
17-Jun-2022 01:51:43.115 INFO [main] org.apache.catalina.startup.HostConfig.deployDirectory Deploying web application directory [/Users/rabiu/Desktop/apache-tomcat-9.0.21/webapps/manager]
17-Jun-2022 01:51:43.136 INFO [main] org.apache.catalina.startup.HostConfig.deployDirectory Deployment of web application directory [/Users/rabiu/Desktop/apache-tomcat-9.0.21/webapps/manager] has finished in [21] ms
17-Jun-2022 01:51:43.136 INFO [main] org.apache.catalina.startup.HostConfig.deployDirectory Deploying web application directory [/Users/rabiu/Desktop/apache-tomcat-9.0.21/webapps/examples]
17-Jun-2022 01:51:43.296 INFO [main] org.apache.catalina.startup.HostConfig.deployDirectory Deployment of web application directory [/Users/rabiu/Desktop/apache-tomcat-9.0.21/webapps/examples] has finished in [160] ms
17-Jun-2022 01:51:43.296 INFO [main] org.apache.catalina.startup.HostConfig.deployDirectory Deploying web application directory [/Users/rabiu/Desktop/apache-tomcat-9.0.21/webapps/ROOT]
17-Jun-2022 01:51:43.534 INFO [main] org.apache.catalina.startup.HostConfig.deployDirectory Deployment of web application directory [/Users/rabiu/Desktop/apache-tomcat-9.0.21/webapps/ROOT] has finished in [238] ms
17-Jun-2022 01:51:43.534 INFO [main] org.apache.catalina.startup.HostConfig.deployDirectory Deploying web application directory [/Users/rabiu/Desktop/apache-tomcat-9.0.21/webapps/host-manager]
17-Jun-2022 01:51:43.548 INFO [main] org.apache.catalina.startup.HostConfig.deployDirectory Deployment of web application directory [/Users/rabiu/Desktop/apache-tomcat-9.0.21/webapps/host-manager] has finished in [14] ms
17-Jun-2022 01:51:43.553 INFO [main] org.apache.coyote.AbstractProtocol.start Starting ProtocolHandler ["http-nio-8091"]
17-Jun-2022 01:51:43.558 INFO [main] org.apache.coyote.AbstractProtocol.start Starting ProtocolHandler ["ajp-nio-8009"]
17-Jun-2022 01:51:43.562 INFO [main] org.apache.catalina.startup.Catalina.start Server startup in [5,170] milliseconds
