15-Jun-2022 09:12:24.694 INFO [main] org.apache.catalina.startup.VersionLoggerListener.log Server version name:   Apache Tomcat/9.0.21
15-Jun-2022 09:12:24.697 INFO [main] org.apache.catalina.startup.VersionLoggerListener.log Server built:          Jun 4 2019 20:19:36 UTC
15-Jun-2022 09:12:24.697 INFO [main] org.apache.catalina.startup.VersionLoggerListener.log Server version number: 9.0.21.0
15-Jun-2022 09:12:24.697 INFO [main] org.apache.catalina.startup.VersionLoggerListener.log OS Name:               Mac OS X
15-Jun-2022 09:12:24.697 INFO [main] org.apache.catalina.startup.VersionLoggerListener.log OS Version:            11.6.2
15-Jun-2022 09:12:24.697 INFO [main] org.apache.catalina.startup.VersionLoggerListener.log Architecture:          x86_64
15-Jun-2022 09:12:24.697 INFO [main] org.apache.catalina.startup.VersionLoggerListener.log Java Home:             /Applications/Android Studio.app/Contents/jre/Contents/Home
15-Jun-2022 09:12:24.697 INFO [main] org.apache.catalina.startup.VersionLoggerListener.log JVM Version:           11.0.11+0-b60-7590822
15-Jun-2022 09:12:24.697 INFO [main] org.apache.catalina.startup.VersionLoggerListener.log JVM Vendor:            JetBrains s.r.o.
15-Jun-2022 09:12:24.697 INFO [main] org.apache.catalina.startup.VersionLoggerListener.log CATALINA_BASE:         /Users/rabiu/Desktop/apache-tomcat-9.0.21
15-Jun-2022 09:12:24.698 INFO [main] org.apache.catalina.startup.VersionLoggerListener.log CATALINA_HOME:         /Users/rabiu/Desktop/apache-tomcat-9.0.21
15-Jun-2022 09:12:24.748 INFO [main] org.apache.catalina.startup.VersionLoggerListener.log Command line argument: --add-opens=java.base/java.lang=ALL-UNNAMED
15-Jun-2022 09:12:24.748 INFO [main] org.apache.catalina.startup.VersionLoggerListener.log Command line argument: --add-opens=java.base/java.io=ALL-UNNAMED
15-Jun-2022 09:12:24.748 INFO [main] org.apache.catalina.startup.VersionLoggerListener.log Command line argument: --add-opens=java.rmi/sun.rmi.transport=ALL-UNNAMED
15-Jun-2022 09:12:24.748 INFO [main] org.apache.catalina.startup.VersionLoggerListener.log Command line argument: -Djava.util.logging.config.file=/Users/rabiu/Desktop/apache-tomcat-9.0.21/conf/logging.properties
15-Jun-2022 09:12:24.748 INFO [main] org.apache.catalina.startup.VersionLoggerListener.log Command line argument: -Djava.util.logging.manager=org.apache.juli.ClassLoaderLogManager
15-Jun-2022 09:12:24.748 INFO [main] org.apache.catalina.startup.VersionLoggerListener.log Command line argument: -Djdk.tls.ephemeralDHKeySize=2048
15-Jun-2022 09:12:24.748 INFO [main] org.apache.catalina.startup.VersionLoggerListener.log Command line argument: -Djava.protocol.handler.pkgs=org.apache.catalina.webresources
15-Jun-2022 09:12:24.748 INFO [main] org.apache.catalina.startup.VersionLoggerListener.log Command line argument: -Dorg.apache.catalina.security.SecurityListener.UMASK=0027
15-Jun-2022 09:12:24.749 INFO [main] org.apache.catalina.startup.VersionLoggerListener.log Command line argument: -Dignore.endorsed.dirs=
15-Jun-2022 09:12:24.749 INFO [main] org.apache.catalina.startup.VersionLoggerListener.log Command line argument: -Dcatalina.base=/Users/rabiu/Desktop/apache-tomcat-9.0.21
15-Jun-2022 09:12:24.749 INFO [main] org.apache.catalina.startup.VersionLoggerListener.log Command line argument: -Dcatalina.home=/Users/rabiu/Desktop/apache-tomcat-9.0.21
15-Jun-2022 09:12:24.749 INFO [main] org.apache.catalina.startup.VersionLoggerListener.log Command line argument: -Djava.io.tmpdir=/Users/rabiu/Desktop/apache-tomcat-9.0.21/temp
15-Jun-2022 09:12:24.749 INFO [main] org.apache.catalina.core.AprLifecycleListener.lifecycleEvent The APR based Apache Tomcat Native library which allows optimal performance in production environments was not found on the java.library.path: [/Users/rabiu/Library/Java/Extensions:/Library/Java/Extensions:/Network/Library/Java/Extensions:/System/Library/Java/Extensions:/usr/lib/java:.]
15-Jun-2022 09:12:24.972 INFO [main] org.apache.coyote.AbstractProtocol.init Initializing ProtocolHandler ["http-nio-8091"]
15-Jun-2022 09:12:25.026 INFO [main] org.apache.coyote.AbstractProtocol.init Initializing ProtocolHandler ["ajp-nio-8009"]
15-Jun-2022 09:12:25.028 INFO [main] org.apache.catalina.startup.Catalina.load Server initialization in [512] milliseconds
15-Jun-2022 09:12:25.073 INFO [main] org.apache.catalina.core.StandardService.startInternal Starting service [Catalina]
15-Jun-2022 09:12:25.073 INFO [main] org.apache.catalina.core.StandardEngine.startInternal Starting Servlet engine: [Apache Tomcat/9.0.21]
15-Jun-2022 09:12:25.088 INFO [main] org.apache.catalina.startup.HostConfig.deployWAR Deploying web application archive [/Users/rabiu/Desktop/apache-tomcat-9.0.21/webapps/api-remote.war]
15-Jun-2022 09:12:26.905 INFO [main] org.apache.jasper.servlet.TldScanner.scanJars At least one JAR was scanned for TLDs yet contained no TLDs. Enable debug logging for this logger for a complete list of JARs that were scanned but no TLDs were found in them. Skipping unneeded JARs during scanning can improve startup time and JSP compilation time.
15-Jun-2022 09:12:26.945 INFO [main] org.apache.catalina.startup.HostConfig.deployWAR Deployment of web application archive [/Users/rabiu/Desktop/apache-tomcat-9.0.21/webapps/api-remote.war] has finished in [1,857] ms
15-Jun-2022 09:12:26.946 INFO [main] org.apache.catalina.startup.HostConfig.deployWAR Deploying web application archive [/Users/rabiu/Desktop/apache-tomcat-9.0.21/webapps/api-remote-old.war]
15-Jun-2022 09:12:27.187 INFO [main] org.apache.catalina.startup.HostConfig.deployWAR Deployment of web application archive [/Users/rabiu/Desktop/apache-tomcat-9.0.21/webapps/api-remote-old.war] has finished in [241] ms
15-Jun-2022 09:12:27.188 INFO [main] org.apache.catalina.startup.HostConfig.deployDirectory Deploying web application directory [/Users/rabiu/Desktop/apache-tomcat-9.0.21/webapps/tomcat_remote_war]
15-Jun-2022 09:12:27.672 INFO [main] org.apache.catalina.startup.HostConfig.deployDirectory Deployment of web application directory [/Users/rabiu/Desktop/apache-tomcat-9.0.21/webapps/tomcat_remote_war] has finished in [484] ms
15-Jun-2022 09:12:27.672 INFO [main] org.apache.catalina.startup.HostConfig.deployDirectory Deploying web application directory [/Users/rabiu/Desktop/apache-tomcat-9.0.21/webapps/API#remote]
15-Jun-2022 09:12:27.955 INFO [main] org.apache.catalina.startup.HostConfig.deployDirectory Deployment of web application directory [/Users/rabiu/Desktop/apache-tomcat-9.0.21/webapps/API#remote] has finished in [283] ms
15-Jun-2022 09:12:27.956 INFO [main] org.apache.catalina.startup.HostConfig.deployDirectory Deploying web application directory [/Users/rabiu/Desktop/apache-tomcat-9.0.21/webapps/docs]
15-Jun-2022 09:12:27.970 INFO [main] org.apache.catalina.startup.HostConfig.deployDirectory Deployment of web application directory [/Users/rabiu/Desktop/apache-tomcat-9.0.21/webapps/docs] has finished in [14] ms
15-Jun-2022 09:12:27.970 INFO [main] org.apache.catalina.startup.HostConfig.deployDirectory Deploying web application directory [/Users/rabiu/Desktop/apache-tomcat-9.0.21/webapps/manager]
15-Jun-2022 09:12:27.994 INFO [main] org.apache.catalina.startup.HostConfig.deployDirectory Deployment of web application directory [/Users/rabiu/Desktop/apache-tomcat-9.0.21/webapps/manager] has finished in [24] ms
15-Jun-2022 09:12:27.995 INFO [main] org.apache.catalina.startup.HostConfig.deployDirectory Deploying web application directory [/Users/rabiu/Desktop/apache-tomcat-9.0.21/webapps/examples]
15-Jun-2022 09:12:28.190 INFO [main] org.apache.catalina.startup.HostConfig.deployDirectory Deployment of web application directory [/Users/rabiu/Desktop/apache-tomcat-9.0.21/webapps/examples] has finished in [195] ms
15-Jun-2022 09:12:28.190 INFO [main] org.apache.catalina.startup.HostConfig.deployDirectory Deploying web application directory [/Users/rabiu/Desktop/apache-tomcat-9.0.21/webapps/ROOT]
15-Jun-2022 09:12:28.485 INFO [main] org.apache.catalina.startup.HostConfig.deployDirectory Deployment of web application directory [/Users/rabiu/Desktop/apache-tomcat-9.0.21/webapps/ROOT] has finished in [295] ms
15-Jun-2022 09:12:28.486 INFO [main] org.apache.catalina.startup.HostConfig.deployDirectory Deploying web application directory [/Users/rabiu/Desktop/apache-tomcat-9.0.21/webapps/host-manager]
15-Jun-2022 09:12:28.501 INFO [main] org.apache.catalina.startup.HostConfig.deployDirectory Deployment of web application directory [/Users/rabiu/Desktop/apache-tomcat-9.0.21/webapps/host-manager] has finished in [15] ms
15-Jun-2022 09:12:28.505 INFO [main] org.apache.coyote.AbstractProtocol.start Starting ProtocolHandler ["http-nio-8091"]
15-Jun-2022 09:12:28.511 INFO [main] org.apache.coyote.AbstractProtocol.start Starting ProtocolHandler ["ajp-nio-8009"]
15-Jun-2022 09:12:28.512 INFO [main] org.apache.catalina.startup.Catalina.start Server startup in [3,484] milliseconds
15-Jun-2022 11:42:15.807 INFO [Catalina-utility-2] org.apache.catalina.startup.HostConfig.undeploy Undeploying context [/api-remote]
15-Jun-2022 11:42:16.206 INFO [Catalina-utility-2] org.apache.catalina.startup.HostConfig.deployWAR Deploying web application archive [/Users/rabiu/Desktop/apache-tomcat-9.0.21/webapps/api-remotes.war]
15-Jun-2022 11:42:18.076 INFO [Finalizer] org.apache.catalina.loader.WebappClassLoaderBase.checkStateForResourceLoading Illegal access: this web application instance has been stopped already. Could not load [ch.qos.logback.core.status.WarnStatus]. The following stack trace is thrown for debugging purposes as well as to attempt to terminate the thread which caused the illegal access.
	java.lang.IllegalStateException: Illegal access: this web application instance has been stopped already. Could not load [ch.qos.logback.core.status.WarnStatus]. The following stack trace is thrown for debugging purposes as well as to attempt to terminate the thread which caused the illegal access.
		at org.apache.catalina.loader.WebappClassLoaderBase.checkStateForResourceLoading(WebappClassLoaderBase.java:1385)
		at org.apache.catalina.loader.WebappClassLoaderBase.checkStateForClassLoading(WebappClassLoaderBase.java:1373)
		at org.apache.catalina.loader.WebappClassLoaderBase.loadClass(WebappClassLoaderBase.java:1226)
		at org.apache.catalina.loader.WebappClassLoaderBase.loadClass(WebappClassLoaderBase.java:1188)
		at ch.qos.logback.classic.LoggerContext.noAppenderDefinedWarning(LoggerContext.java:186)
		at ch.qos.logback.classic.Logger.callAppenders(Logger.java:264)
		at ch.qos.logback.classic.Logger.buildLoggingEventAndAppend(Logger.java:421)
		at ch.qos.logback.classic.Logger.filterAndLog_0_Or3Plus(Logger.java:383)
		at ch.qos.logback.classic.Logger.log(Logger.java:765)
		at org.apache.commons.logging.LogAdapter$Slf4jLocationAwareLog.debug(LogAdapter.java:468)
		at org.apache.http.impl.conn.PoolingHttpClientConnectionManager.shutdown(PoolingHttpClientConnectionManager.java:411)
		at org.apache.http.impl.conn.PoolingHttpClientConnectionManager.finalize(PoolingHttpClientConnectionManager.java:207)
		at java.base/java.lang.System$2.invokeFinalize(System.java:2125)
		at java.base/java.lang.ref.Finalizer.runFinalizer(Finalizer.java:87)
		at java.base/java.lang.ref.Finalizer$FinalizerThread.run(Finalizer.java:171)
15-Jun-2022 11:42:19.542 INFO [Catalina-utility-2] org.apache.jasper.servlet.TldScanner.scanJars At least one JAR was scanned for TLDs yet contained no TLDs. Enable debug logging for this logger for a complete list of JARs that were scanned but no TLDs were found in them. Skipping unneeded JARs during scanning can improve startup time and JSP compilation time.
15-Jun-2022 11:42:19.552 INFO [Catalina-utility-2] org.apache.catalina.startup.HostConfig.deployWAR Deployment of web application archive [/Users/rabiu/Desktop/apache-tomcat-9.0.21/webapps/api-remotes.war] has finished in [3,345] ms
