16-Jun-2022 05:46:54.629 INFO [Catalina-utility-1] org.apache.catalina.core.ApplicationContext.log 1 Spring WebApplicationInitializers detected on classpath
16-Jun-2022 05:47:15.812 INFO [Catalina-utility-2] org.apache.catalina.core.ApplicationContext.log 1 Spring WebApplicationInitializers detected on classpath
16-Jun-2022 05:48:17.932 SEVERE [http-nio-8091-exec-15] org.apache.catalina.core.ApplicationContext.log Servlet.init() for servlet [RemoteAPIServlet] threw exception
	java.lang.NoClassDefFoundError: com/tutuka/companion/remote/handler/Handler
		at com.tutuka.companion.remote.RemoteAPIServlet.newXmlRpcHandlerMapping(RemoteAPIServlet.java:25)
		at org.apache.xmlrpc.webserver.XmlRpcServlet.init(XmlRpcServlet.java:99)
		at org.apache.catalina.core.StandardWrapper.initServlet(StandardWrapper.java:1122)
		at org.apache.catalina.core.StandardWrapper.loadServlet(StandardWrapper.java:1077)
		at org.apache.catalina.core.StandardWrapper.allocate(StandardWrapper.java:761)
		at org.apache.catalina.core.StandardWrapperValve.invoke(StandardWrapperValve.java:135)
		at org.apache.catalina.core.StandardContextValve.invoke(StandardContextValve.java:96)
		at org.apache.catalina.authenticator.AuthenticatorBase.invoke(AuthenticatorBase.java:490)
		at org.apache.catalina.core.StandardHostValve.invoke(StandardHostValve.java:139)
		at org.apache.catalina.valves.ErrorReportValve.invoke(ErrorReportValve.java:92)
		at org.apache.catalina.valves.AbstractAccessLogValve.invoke(AbstractAccessLogValve.java:678)
		at org.apache.catalina.core.StandardEngineValve.invoke(StandardEngineValve.java:74)
		at org.apache.catalina.connector.CoyoteAdapter.service(CoyoteAdapter.java:343)
		at org.apache.coyote.http11.Http11Processor.service(Http11Processor.java:408)
		at org.apache.coyote.AbstractProcessorLight.process(AbstractProcessorLight.java:66)
		at org.apache.coyote.AbstractProtocol$ConnectionHandler.process(AbstractProtocol.java:853)
		at org.apache.tomcat.util.net.NioEndpoint$SocketProcessor.doRun(NioEndpoint.java:1587)
		at org.apache.tomcat.util.net.SocketProcessorBase.run(SocketProcessorBase.java:49)
		at java.base/java.util.concurrent.ThreadPoolExecutor.runWorker(ThreadPoolExecutor.java:1128)
		at java.base/java.util.concurrent.ThreadPoolExecutor$Worker.run(ThreadPoolExecutor.java:628)
		at org.apache.tomcat.util.threads.TaskThread$WrappingRunnable.run(TaskThread.java:61)
		at java.base/java.lang.Thread.run(Thread.java:829)
	Caused by: java.lang.ClassNotFoundException: com.tutuka.companion.remote.handler.Handler
		at org.apache.catalina.loader.WebappClassLoaderBase.loadClass(WebappClassLoaderBase.java:1365)
		at org.apache.catalina.loader.WebappClassLoaderBase.loadClass(WebappClassLoaderBase.java:1188)
		... 22 more
16-Jun-2022 05:48:17.932 SEVERE [http-nio-8091-exec-15] org.apache.catalina.core.StandardWrapperValve.invoke Allocate exception for servlet [RemoteAPIServlet]
	java.lang.ClassNotFoundException: com.tutuka.companion.remote.handler.Handler
		at org.apache.catalina.loader.WebappClassLoaderBase.loadClass(WebappClassLoaderBase.java:1365)
		at org.apache.catalina.loader.WebappClassLoaderBase.loadClass(WebappClassLoaderBase.java:1188)
		at com.tutuka.companion.remote.RemoteAPIServlet.newXmlRpcHandlerMapping(RemoteAPIServlet.java:25)
		at org.apache.xmlrpc.webserver.XmlRpcServlet.init(XmlRpcServlet.java:99)
		at org.apache.catalina.core.StandardWrapper.initServlet(StandardWrapper.java:1122)
		at org.apache.catalina.core.StandardWrapper.loadServlet(StandardWrapper.java:1077)
		at org.apache.catalina.core.StandardWrapper.allocate(StandardWrapper.java:761)
		at org.apache.catalina.core.StandardWrapperValve.invoke(StandardWrapperValve.java:135)
		at org.apache.catalina.core.StandardContextValve.invoke(StandardContextValve.java:96)
		at org.apache.catalina.authenticator.AuthenticatorBase.invoke(AuthenticatorBase.java:490)
		at org.apache.catalina.core.StandardHostValve.invoke(StandardHostValve.java:139)
		at org.apache.catalina.valves.ErrorReportValve.invoke(ErrorReportValve.java:92)
		at org.apache.catalina.valves.AbstractAccessLogValve.invoke(AbstractAccessLogValve.java:678)
		at org.apache.catalina.core.StandardEngineValve.invoke(StandardEngineValve.java:74)
		at org.apache.catalina.connector.CoyoteAdapter.service(CoyoteAdapter.java:343)
		at org.apache.coyote.http11.Http11Processor.service(Http11Processor.java:408)
		at org.apache.coyote.AbstractProcessorLight.process(AbstractProcessorLight.java:66)
		at org.apache.coyote.AbstractProtocol$ConnectionHandler.process(AbstractProtocol.java:853)
		at org.apache.tomcat.util.net.NioEndpoint$SocketProcessor.doRun(NioEndpoint.java:1587)
		at org.apache.tomcat.util.net.SocketProcessorBase.run(SocketProcessorBase.java:49)
		at java.base/java.util.concurrent.ThreadPoolExecutor.runWorker(ThreadPoolExecutor.java:1128)
		at java.base/java.util.concurrent.ThreadPoolExecutor$Worker.run(ThreadPoolExecutor.java:628)
		at org.apache.tomcat.util.threads.TaskThread$WrappingRunnable.run(TaskThread.java:61)
		at java.base/java.lang.Thread.run(Thread.java:829)
16-Jun-2022 05:48:28.551 SEVERE [http-nio-8091-exec-17] org.apache.catalina.core.ApplicationContext.log Servlet.init() for servlet [RemoteAPIServlet] threw exception
	java.lang.NoClassDefFoundError: com/tutuka/companion/remote/handler/Handler
		at com.tutuka.companion.remote.RemoteAPIServlet.newXmlRpcHandlerMapping(RemoteAPIServlet.java:25)
		at org.apache.xmlrpc.webserver.XmlRpcServlet.init(XmlRpcServlet.java:99)
		at org.apache.catalina.core.StandardWrapper.initServlet(StandardWrapper.java:1122)
		at org.apache.catalina.core.StandardWrapper.loadServlet(StandardWrapper.java:1077)
		at org.apache.catalina.core.StandardWrapper.allocate(StandardWrapper.java:761)
		at org.apache.catalina.core.StandardWrapperValve.invoke(StandardWrapperValve.java:135)
		at org.apache.catalina.core.StandardContextValve.invoke(StandardContextValve.java:96)
		at org.apache.catalina.authenticator.AuthenticatorBase.invoke(AuthenticatorBase.java:490)
		at org.apache.catalina.core.StandardHostValve.invoke(StandardHostValve.java:139)
		at org.apache.catalina.valves.ErrorReportValve.invoke(ErrorReportValve.java:92)
		at org.apache.catalina.valves.AbstractAccessLogValve.invoke(AbstractAccessLogValve.java:678)
		at org.apache.catalina.core.StandardEngineValve.invoke(StandardEngineValve.java:74)
		at org.apache.catalina.connector.CoyoteAdapter.service(CoyoteAdapter.java:343)
		at org.apache.coyote.http11.Http11Processor.service(Http11Processor.java:408)
		at org.apache.coyote.AbstractProcessorLight.process(AbstractProcessorLight.java:66)
		at org.apache.coyote.AbstractProtocol$ConnectionHandler.process(AbstractProtocol.java:853)
		at org.apache.tomcat.util.net.NioEndpoint$SocketProcessor.doRun(NioEndpoint.java:1587)
		at org.apache.tomcat.util.net.SocketProcessorBase.run(SocketProcessorBase.java:49)
		at java.base/java.util.concurrent.ThreadPoolExecutor.runWorker(ThreadPoolExecutor.java:1128)
		at java.base/java.util.concurrent.ThreadPoolExecutor$Worker.run(ThreadPoolExecutor.java:628)
		at org.apache.tomcat.util.threads.TaskThread$WrappingRunnable.run(TaskThread.java:61)
		at java.base/java.lang.Thread.run(Thread.java:829)
16-Jun-2022 05:48:28.551 SEVERE [http-nio-8091-exec-17] org.apache.catalina.core.StandardWrapperValve.invoke Allocate exception for servlet [RemoteAPIServlet]
	java.lang.NoClassDefFoundError: com/tutuka/companion/remote/handler/Handler
		at com.tutuka.companion.remote.RemoteAPIServlet.newXmlRpcHandlerMapping(RemoteAPIServlet.java:25)
		at org.apache.xmlrpc.webserver.XmlRpcServlet.init(XmlRpcServlet.java:99)
		at org.apache.catalina.core.StandardWrapper.initServlet(StandardWrapper.java:1122)
		at org.apache.catalina.core.StandardWrapper.loadServlet(StandardWrapper.java:1077)
		at org.apache.catalina.core.StandardWrapper.allocate(StandardWrapper.java:761)
		at org.apache.catalina.core.StandardWrapperValve.invoke(StandardWrapperValve.java:135)
		at org.apache.catalina.core.StandardContextValve.invoke(StandardContextValve.java:96)
		at org.apache.catalina.authenticator.AuthenticatorBase.invoke(AuthenticatorBase.java:490)
		at org.apache.catalina.core.StandardHostValve.invoke(StandardHostValve.java:139)
		at org.apache.catalina.valves.ErrorReportValve.invoke(ErrorReportValve.java:92)
		at org.apache.catalina.valves.AbstractAccessLogValve.invoke(AbstractAccessLogValve.java:678)
		at org.apache.catalina.core.StandardEngineValve.invoke(StandardEngineValve.java:74)
		at org.apache.catalina.connector.CoyoteAdapter.service(CoyoteAdapter.java:343)
		at org.apache.coyote.http11.Http11Processor.service(Http11Processor.java:408)
		at org.apache.coyote.AbstractProcessorLight.process(AbstractProcessorLight.java:66)
		at org.apache.coyote.AbstractProtocol$ConnectionHandler.process(AbstractProtocol.java:853)
		at org.apache.tomcat.util.net.NioEndpoint$SocketProcessor.doRun(NioEndpoint.java:1587)
		at org.apache.tomcat.util.net.SocketProcessorBase.run(SocketProcessorBase.java:49)
		at java.base/java.util.concurrent.ThreadPoolExecutor.runWorker(ThreadPoolExecutor.java:1128)
		at java.base/java.util.concurrent.ThreadPoolExecutor$Worker.run(ThreadPoolExecutor.java:628)
		at org.apache.tomcat.util.threads.TaskThread$WrappingRunnable.run(TaskThread.java:61)
		at java.base/java.lang.Thread.run(Thread.java:829)
16-Jun-2022 05:48:47.267 SEVERE [http-nio-8091-exec-18] org.apache.catalina.core.ApplicationContext.log Servlet.init() for servlet [RemoteAPIServlet] threw exception
	java.lang.NoClassDefFoundError: com/tutuka/companion/remote/handler/Handler
		at com.tutuka.companion.remote.RemoteAPIServlet.newXmlRpcHandlerMapping(RemoteAPIServlet.java:25)
		at org.apache.xmlrpc.webserver.XmlRpcServlet.init(XmlRpcServlet.java:99)
		at org.apache.catalina.core.StandardWrapper.initServlet(StandardWrapper.java:1122)
		at org.apache.catalina.core.StandardWrapper.loadServlet(StandardWrapper.java:1077)
		at org.apache.catalina.core.StandardWrapper.allocate(StandardWrapper.java:761)
		at org.apache.catalina.core.StandardWrapperValve.invoke(StandardWrapperValve.java:135)
		at org.apache.catalina.core.StandardContextValve.invoke(StandardContextValve.java:96)
		at org.apache.catalina.authenticator.AuthenticatorBase.invoke(AuthenticatorBase.java:490)
		at org.apache.catalina.core.StandardHostValve.invoke(StandardHostValve.java:139)
		at org.apache.catalina.valves.ErrorReportValve.invoke(ErrorReportValve.java:92)
		at org.apache.catalina.valves.AbstractAccessLogValve.invoke(AbstractAccessLogValve.java:678)
		at org.apache.catalina.core.StandardEngineValve.invoke(StandardEngineValve.java:74)
		at org.apache.catalina.connector.CoyoteAdapter.service(CoyoteAdapter.java:343)
		at org.apache.coyote.http11.Http11Processor.service(Http11Processor.java:408)
		at org.apache.coyote.AbstractProcessorLight.process(AbstractProcessorLight.java:66)
		at org.apache.coyote.AbstractProtocol$ConnectionHandler.process(AbstractProtocol.java:853)
		at org.apache.tomcat.util.net.NioEndpoint$SocketProcessor.doRun(NioEndpoint.java:1587)
		at org.apache.tomcat.util.net.SocketProcessorBase.run(SocketProcessorBase.java:49)
		at java.base/java.util.concurrent.ThreadPoolExecutor.runWorker(ThreadPoolExecutor.java:1128)
		at java.base/java.util.concurrent.ThreadPoolExecutor$Worker.run(ThreadPoolExecutor.java:628)
		at org.apache.tomcat.util.threads.TaskThread$WrappingRunnable.run(TaskThread.java:61)
		at java.base/java.lang.Thread.run(Thread.java:829)
16-Jun-2022 05:48:47.267 SEVERE [http-nio-8091-exec-18] org.apache.catalina.core.StandardWrapperValve.invoke Allocate exception for servlet [RemoteAPIServlet]
	java.lang.NoClassDefFoundError: com/tutuka/companion/remote/handler/Handler
		at com.tutuka.companion.remote.RemoteAPIServlet.newXmlRpcHandlerMapping(RemoteAPIServlet.java:25)
		at org.apache.xmlrpc.webserver.XmlRpcServlet.init(XmlRpcServlet.java:99)
		at org.apache.catalina.core.StandardWrapper.initServlet(StandardWrapper.java:1122)
		at org.apache.catalina.core.StandardWrapper.loadServlet(StandardWrapper.java:1077)
		at org.apache.catalina.core.StandardWrapper.allocate(StandardWrapper.java:761)
		at org.apache.catalina.core.StandardWrapperValve.invoke(StandardWrapperValve.java:135)
		at org.apache.catalina.core.StandardContextValve.invoke(StandardContextValve.java:96)
		at org.apache.catalina.authenticator.AuthenticatorBase.invoke(AuthenticatorBase.java:490)
		at org.apache.catalina.core.StandardHostValve.invoke(StandardHostValve.java:139)
		at org.apache.catalina.valves.ErrorReportValve.invoke(ErrorReportValve.java:92)
		at org.apache.catalina.valves.AbstractAccessLogValve.invoke(AbstractAccessLogValve.java:678)
		at org.apache.catalina.core.StandardEngineValve.invoke(StandardEngineValve.java:74)
		at org.apache.catalina.connector.CoyoteAdapter.service(CoyoteAdapter.java:343)
		at org.apache.coyote.http11.Http11Processor.service(Http11Processor.java:408)
		at org.apache.coyote.AbstractProcessorLight.process(AbstractProcessorLight.java:66)
		at org.apache.coyote.AbstractProtocol$ConnectionHandler.process(AbstractProtocol.java:853)
		at org.apache.tomcat.util.net.NioEndpoint$SocketProcessor.doRun(NioEndpoint.java:1587)
		at org.apache.tomcat.util.net.SocketProcessorBase.run(SocketProcessorBase.java:49)
		at java.base/java.util.concurrent.ThreadPoolExecutor.runWorker(ThreadPoolExecutor.java:1128)
		at java.base/java.util.concurrent.ThreadPoolExecutor$Worker.run(ThreadPoolExecutor.java:628)
		at org.apache.tomcat.util.threads.TaskThread$WrappingRunnable.run(TaskThread.java:61)
		at java.base/java.lang.Thread.run(Thread.java:829)
16-Jun-2022 05:49:49.915 SEVERE [http-nio-8091-exec-12] org.apache.catalina.core.ApplicationContext.log Servlet.init() for servlet [RemoteAPIServlet] threw exception
	java.lang.NoClassDefFoundError: com/tutuka/companion/remote/handler/Handler
		at com.tutuka.companion.remote.RemoteAPIServlet.newXmlRpcHandlerMapping(RemoteAPIServlet.java:25)
		at org.apache.xmlrpc.webserver.XmlRpcServlet.init(XmlRpcServlet.java:99)
		at org.apache.catalina.core.StandardWrapper.initServlet(StandardWrapper.java:1122)
		at org.apache.catalina.core.StandardWrapper.loadServlet(StandardWrapper.java:1077)
		at org.apache.catalina.core.StandardWrapper.allocate(StandardWrapper.java:761)
		at org.apache.catalina.core.StandardWrapperValve.invoke(StandardWrapperValve.java:135)
		at org.apache.catalina.core.StandardContextValve.invoke(StandardContextValve.java:96)
		at org.apache.catalina.authenticator.AuthenticatorBase.invoke(AuthenticatorBase.java:490)
		at org.apache.catalina.core.StandardHostValve.invoke(StandardHostValve.java:139)
		at org.apache.catalina.valves.ErrorReportValve.invoke(ErrorReportValve.java:92)
		at org.apache.catalina.valves.AbstractAccessLogValve.invoke(AbstractAccessLogValve.java:678)
		at org.apache.catalina.core.StandardEngineValve.invoke(StandardEngineValve.java:74)
		at org.apache.catalina.connector.CoyoteAdapter.service(CoyoteAdapter.java:343)
		at org.apache.coyote.http11.Http11Processor.service(Http11Processor.java:408)
		at org.apache.coyote.AbstractProcessorLight.process(AbstractProcessorLight.java:66)
		at org.apache.coyote.AbstractProtocol$ConnectionHandler.process(AbstractProtocol.java:853)
		at org.apache.tomcat.util.net.NioEndpoint$SocketProcessor.doRun(NioEndpoint.java:1587)
		at org.apache.tomcat.util.net.SocketProcessorBase.run(SocketProcessorBase.java:49)
		at java.base/java.util.concurrent.ThreadPoolExecutor.runWorker(ThreadPoolExecutor.java:1128)
		at java.base/java.util.concurrent.ThreadPoolExecutor$Worker.run(ThreadPoolExecutor.java:628)
		at org.apache.tomcat.util.threads.TaskThread$WrappingRunnable.run(TaskThread.java:61)
		at java.base/java.lang.Thread.run(Thread.java:829)
16-Jun-2022 05:49:49.915 SEVERE [http-nio-8091-exec-12] org.apache.catalina.core.StandardWrapperValve.invoke Allocate exception for servlet [RemoteAPIServlet]
	java.lang.NoClassDefFoundError: com/tutuka/companion/remote/handler/Handler
		at com.tutuka.companion.remote.RemoteAPIServlet.newXmlRpcHandlerMapping(RemoteAPIServlet.java:25)
		at org.apache.xmlrpc.webserver.XmlRpcServlet.init(XmlRpcServlet.java:99)
		at org.apache.catalina.core.StandardWrapper.initServlet(StandardWrapper.java:1122)
		at org.apache.catalina.core.StandardWrapper.loadServlet(StandardWrapper.java:1077)
		at org.apache.catalina.core.StandardWrapper.allocate(StandardWrapper.java:761)
		at org.apache.catalina.core.StandardWrapperValve.invoke(StandardWrapperValve.java:135)
		at org.apache.catalina.core.StandardContextValve.invoke(StandardContextValve.java:96)
		at org.apache.catalina.authenticator.AuthenticatorBase.invoke(AuthenticatorBase.java:490)
		at org.apache.catalina.core.StandardHostValve.invoke(StandardHostValve.java:139)
		at org.apache.catalina.valves.ErrorReportValve.invoke(ErrorReportValve.java:92)
		at org.apache.catalina.valves.AbstractAccessLogValve.invoke(AbstractAccessLogValve.java:678)
		at org.apache.catalina.core.StandardEngineValve.invoke(StandardEngineValve.java:74)
		at org.apache.catalina.connector.CoyoteAdapter.service(CoyoteAdapter.java:343)
		at org.apache.coyote.http11.Http11Processor.service(Http11Processor.java:408)
		at org.apache.coyote.AbstractProcessorLight.process(AbstractProcessorLight.java:66)
		at org.apache.coyote.AbstractProtocol$ConnectionHandler.process(AbstractProtocol.java:853)
		at org.apache.tomcat.util.net.NioEndpoint$SocketProcessor.doRun(NioEndpoint.java:1587)
		at org.apache.tomcat.util.net.SocketProcessorBase.run(SocketProcessorBase.java:49)
		at java.base/java.util.concurrent.ThreadPoolExecutor.runWorker(ThreadPoolExecutor.java:1128)
		at java.base/java.util.concurrent.ThreadPoolExecutor$Worker.run(ThreadPoolExecutor.java:628)
		at org.apache.tomcat.util.threads.TaskThread$WrappingRunnable.run(TaskThread.java:61)
		at java.base/java.lang.Thread.run(Thread.java:829)
16-Jun-2022 05:51:57.351 SEVERE [Catalina-utility-2] org.apache.catalina.core.StandardContext.listenerStop Exception sending context destroyed event to listener instance of class [ch.qos.logback.classic.servlet.LogbackServletContextListener]
	java.lang.IllegalStateException: java.io.IOException: java.lang.reflect.InvocationTargetException
		at org.apache.catalina.webresources.AbstractSingleArchiveResourceSet.getArchiveEntry(AbstractSingleArchiveResourceSet.java:101)
		at org.apache.catalina.webresources.AbstractArchiveResourceSet.getResource(AbstractArchiveResourceSet.java:256)
		at org.apache.catalina.webresources.StandardRoot.getResourceInternal(StandardRoot.java:282)
		at org.apache.catalina.webresources.Cache.getResource(Cache.java:62)
		at org.apache.catalina.webresources.StandardRoot.getResource(StandardRoot.java:217)
		at org.apache.catalina.webresources.StandardRoot.getClassLoaderResource(StandardRoot.java:226)
		at org.apache.catalina.loader.WebappClassLoaderBase.findClassInternal(WebappClassLoaderBase.java:2303)
		at org.apache.catalina.loader.WebappClassLoaderBase.findClass(WebappClassLoaderBase.java:865)
		at org.apache.catalina.loader.WebappClassLoaderBase.loadClass(WebappClassLoaderBase.java:1334)
		at org.apache.catalina.loader.WebappClassLoaderBase.loadClass(WebappClassLoaderBase.java:1188)
		at ch.qos.logback.core.ContextBase.getLifeCycleManager(ContextBase.java:260)
		at ch.qos.logback.core.ContextBase.reset(ContextBase.java:175)
		at ch.qos.logback.classic.LoggerContext.reset(LoggerContext.java:220)
		at ch.qos.logback.classic.LoggerContext.stop(LoggerContext.java:348)
		at ch.qos.logback.classic.servlet.LogbackServletContextListener.contextDestroyed(LogbackServletContextListener.java:36)
		at org.apache.catalina.core.StandardContext.listenerStop(StandardContext.java:4727)
		at org.apache.catalina.core.StandardContext.stopInternal(StandardContext.java:5393)
		at org.apache.catalina.util.LifecycleBase.stop(LifecycleBase.java:257)
		at org.apache.catalina.core.ContainerBase.removeChild(ContainerBase.java:805)
		at org.apache.catalina.startup.HostConfig.undeploy(HostConfig.java:1425)
		at org.apache.catalina.startup.HostConfig.checkResources(HostConfig.java:1352)
		at org.apache.catalina.startup.HostConfig.check(HostConfig.java:1611)
		at org.apache.catalina.startup.HostConfig.lifecycleEvent(HostConfig.java:305)
		at org.apache.catalina.util.LifecycleBase.fireLifecycleEvent(LifecycleBase.java:123)
		at org.apache.catalina.core.ContainerBase.backgroundProcess(ContainerBase.java:1151)
		at org.apache.catalina.core.ContainerBase$ContainerBackgroundProcessor.processChildren(ContainerBase.java:1353)
		at org.apache.catalina.core.ContainerBase$ContainerBackgroundProcessor.processChildren(ContainerBase.java:1357)
		at org.apache.catalina.core.ContainerBase$ContainerBackgroundProcessor.run(ContainerBase.java:1335)
		at java.base/java.util.concurrent.Executors$RunnableAdapter.call(Executors.java:515)
		at java.base/java.util.concurrent.FutureTask.runAndReset(FutureTask.java:305)
		at java.base/java.util.concurrent.ScheduledThreadPoolExecutor$ScheduledFutureTask.run(ScheduledThreadPoolExecutor.java:305)
		at java.base/java.util.concurrent.ThreadPoolExecutor.runWorker(ThreadPoolExecutor.java:1128)
		at java.base/java.util.concurrent.ThreadPoolExecutor$Worker.run(ThreadPoolExecutor.java:628)
		at org.apache.tomcat.util.threads.TaskThread$WrappingRunnable.run(TaskThread.java:61)
		at java.base/java.lang.Thread.run(Thread.java:829)
	Caused by: java.io.IOException: java.lang.reflect.InvocationTargetException
		at org.apache.tomcat.util.compat.Jre9Compat.jarFileNewInstance(Jre9Compat.java:212)
		at org.apache.tomcat.util.compat.JreCompat.jarFileNewInstance(JreCompat.java:161)
		at org.apache.catalina.webresources.AbstractArchiveResourceSet.openJarFile(AbstractArchiveResourceSet.java:307)
		at org.apache.catalina.webresources.AbstractSingleArchiveResourceSet.getArchiveEntry(AbstractSingleArchiveResourceSet.java:97)
		... 34 more
	Caused by: java.lang.reflect.InvocationTargetException
		at java.base/jdk.internal.reflect.GeneratedConstructorAccessor7.newInstance(Unknown Source)
		at java.base/jdk.internal.reflect.DelegatingConstructorAccessorImpl.newInstance(DelegatingConstructorAccessorImpl.java:45)
		at java.base/java.lang.reflect.Constructor.newInstance(Constructor.java:490)
		at org.apache.tomcat.util.compat.Jre9Compat.jarFileNewInstance(Jre9Compat.java:209)
		... 37 more
	Caused by: java.nio.file.NoSuchFileException: /Users/rabiu/Desktop/apache-tomcat-9.0.21/webapps/API-remote/WEB-INF/lib/spring-boot-starter-logging-2.3.1.RELEASE.jar
		at java.base/sun.nio.fs.UnixException.translateToIOException(UnixException.java:92)
		at java.base/sun.nio.fs.UnixException.rethrowAsIOException(UnixException.java:111)
		at java.base/sun.nio.fs.UnixException.rethrowAsIOException(UnixException.java:116)
		at java.base/sun.nio.fs.UnixFileAttributeViews$Basic.readAttributes(UnixFileAttributeViews.java:55)
		at java.base/sun.nio.fs.UnixFileSystemProvider.readAttributes(UnixFileSystemProvider.java:149)
		at java.base/java.nio.file.Files.readAttributes(Files.java:1839)
		at java.base/java.util.zip.ZipFile$Source.get(ZipFile.java:1239)
		at java.base/java.util.zip.ZipFile$CleanableResource.<init>(ZipFile.java:732)
		at java.base/java.util.zip.ZipFile$CleanableResource.get(ZipFile.java:849)
		at java.base/java.util.zip.ZipFile.<init>(ZipFile.java:247)
		at java.base/java.util.zip.ZipFile.<init>(ZipFile.java:177)
		at java.base/java.util.jar.JarFile.<init>(JarFile.java:348)
		... 41 more
16-Jun-2022 05:52:08.405 INFO [Catalina-utility-1] org.apache.catalina.core.ApplicationContext.log 1 Spring WebApplicationInitializers detected on classpath
16-Jun-2022 05:52:19.218 INFO [Catalina-utility-2] org.apache.catalina.core.ApplicationContext.log 1 Spring WebApplicationInitializers detected on classpath
16-Jun-2022 05:52:30.306 SEVERE [http-nio-8091-exec-17] org.apache.catalina.core.ApplicationContext.log Servlet.init() for servlet [RemoteAPIServlet] threw exception
	java.lang.NoClassDefFoundError: com/tutuka/companion/remote/handler/Handler
		at com.tutuka.companion.remote.RemoteAPIServlet.newXmlRpcHandlerMapping(RemoteAPIServlet.java:25)
		at org.apache.xmlrpc.webserver.XmlRpcServlet.init(XmlRpcServlet.java:99)
		at org.apache.catalina.core.StandardWrapper.initServlet(StandardWrapper.java:1122)
		at org.apache.catalina.core.StandardWrapper.loadServlet(StandardWrapper.java:1077)
		at org.apache.catalina.core.StandardWrapper.allocate(StandardWrapper.java:761)
		at org.apache.catalina.core.StandardWrapperValve.invoke(StandardWrapperValve.java:135)
		at org.apache.catalina.core.StandardContextValve.invoke(StandardContextValve.java:96)
		at org.apache.catalina.authenticator.AuthenticatorBase.invoke(AuthenticatorBase.java:490)
		at org.apache.catalina.core.StandardHostValve.invoke(StandardHostValve.java:139)
		at org.apache.catalina.valves.ErrorReportValve.invoke(ErrorReportValve.java:92)
		at org.apache.catalina.valves.AbstractAccessLogValve.invoke(AbstractAccessLogValve.java:678)
		at org.apache.catalina.core.StandardEngineValve.invoke(StandardEngineValve.java:74)
		at org.apache.catalina.connector.CoyoteAdapter.service(CoyoteAdapter.java:343)
		at org.apache.coyote.http11.Http11Processor.service(Http11Processor.java:408)
		at org.apache.coyote.AbstractProcessorLight.process(AbstractProcessorLight.java:66)
		at org.apache.coyote.AbstractProtocol$ConnectionHandler.process(AbstractProtocol.java:853)
		at org.apache.tomcat.util.net.NioEndpoint$SocketProcessor.doRun(NioEndpoint.java:1587)
		at org.apache.tomcat.util.net.SocketProcessorBase.run(SocketProcessorBase.java:49)
		at java.base/java.util.concurrent.ThreadPoolExecutor.runWorker(ThreadPoolExecutor.java:1128)
		at java.base/java.util.concurrent.ThreadPoolExecutor$Worker.run(ThreadPoolExecutor.java:628)
		at org.apache.tomcat.util.threads.TaskThread$WrappingRunnable.run(TaskThread.java:61)
		at java.base/java.lang.Thread.run(Thread.java:829)
	Caused by: java.lang.ClassNotFoundException: com.tutuka.companion.remote.handler.Handler
		at org.apache.catalina.loader.WebappClassLoaderBase.loadClass(WebappClassLoaderBase.java:1365)
		at org.apache.catalina.loader.WebappClassLoaderBase.loadClass(WebappClassLoaderBase.java:1188)
		... 22 more
16-Jun-2022 05:52:30.307 SEVERE [http-nio-8091-exec-17] org.apache.catalina.core.StandardWrapperValve.invoke Allocate exception for servlet [RemoteAPIServlet]
	java.lang.ClassNotFoundException: com.tutuka.companion.remote.handler.Handler
		at org.apache.catalina.loader.WebappClassLoaderBase.loadClass(WebappClassLoaderBase.java:1365)
		at org.apache.catalina.loader.WebappClassLoaderBase.loadClass(WebappClassLoaderBase.java:1188)
		at com.tutuka.companion.remote.RemoteAPIServlet.newXmlRpcHandlerMapping(RemoteAPIServlet.java:25)
		at org.apache.xmlrpc.webserver.XmlRpcServlet.init(XmlRpcServlet.java:99)
		at org.apache.catalina.core.StandardWrapper.initServlet(StandardWrapper.java:1122)
		at org.apache.catalina.core.StandardWrapper.loadServlet(StandardWrapper.java:1077)
		at org.apache.catalina.core.StandardWrapper.allocate(StandardWrapper.java:761)
		at org.apache.catalina.core.StandardWrapperValve.invoke(StandardWrapperValve.java:135)
		at org.apache.catalina.core.StandardContextValve.invoke(StandardContextValve.java:96)
		at org.apache.catalina.authenticator.AuthenticatorBase.invoke(AuthenticatorBase.java:490)
		at org.apache.catalina.core.StandardHostValve.invoke(StandardHostValve.java:139)
		at org.apache.catalina.valves.ErrorReportValve.invoke(ErrorReportValve.java:92)
		at org.apache.catalina.valves.AbstractAccessLogValve.invoke(AbstractAccessLogValve.java:678)
		at org.apache.catalina.core.StandardEngineValve.invoke(StandardEngineValve.java:74)
		at org.apache.catalina.connector.CoyoteAdapter.service(CoyoteAdapter.java:343)
		at org.apache.coyote.http11.Http11Processor.service(Http11Processor.java:408)
		at org.apache.coyote.AbstractProcessorLight.process(AbstractProcessorLight.java:66)
		at org.apache.coyote.AbstractProtocol$ConnectionHandler.process(AbstractProtocol.java:853)
		at org.apache.tomcat.util.net.NioEndpoint$SocketProcessor.doRun(NioEndpoint.java:1587)
		at org.apache.tomcat.util.net.SocketProcessorBase.run(SocketProcessorBase.java:49)
		at java.base/java.util.concurrent.ThreadPoolExecutor.runWorker(ThreadPoolExecutor.java:1128)
		at java.base/java.util.concurrent.ThreadPoolExecutor$Worker.run(ThreadPoolExecutor.java:628)
		at org.apache.tomcat.util.threads.TaskThread$WrappingRunnable.run(TaskThread.java:61)
		at java.base/java.lang.Thread.run(Thread.java:829)
16-Jun-2022 05:52:31.883 SEVERE [http-nio-8091-exec-18] org.apache.catalina.core.ApplicationContext.log Servlet.init() for servlet [RemoteAPIServlet] threw exception
	java.lang.NoClassDefFoundError: com/tutuka/companion/remote/handler/Handler
		at com.tutuka.companion.remote.RemoteAPIServlet.newXmlRpcHandlerMapping(RemoteAPIServlet.java:25)
		at org.apache.xmlrpc.webserver.XmlRpcServlet.init(XmlRpcServlet.java:99)
		at org.apache.catalina.core.StandardWrapper.initServlet(StandardWrapper.java:1122)
		at org.apache.catalina.core.StandardWrapper.loadServlet(StandardWrapper.java:1077)
		at org.apache.catalina.core.StandardWrapper.allocate(StandardWrapper.java:761)
		at org.apache.catalina.core.StandardWrapperValve.invoke(StandardWrapperValve.java:135)
		at org.apache.catalina.core.StandardContextValve.invoke(StandardContextValve.java:96)
		at org.apache.catalina.authenticator.AuthenticatorBase.invoke(AuthenticatorBase.java:490)
		at org.apache.catalina.core.StandardHostValve.invoke(StandardHostValve.java:139)
		at org.apache.catalina.valves.ErrorReportValve.invoke(ErrorReportValve.java:92)
		at org.apache.catalina.valves.AbstractAccessLogValve.invoke(AbstractAccessLogValve.java:678)
		at org.apache.catalina.core.StandardEngineValve.invoke(StandardEngineValve.java:74)
		at org.apache.catalina.connector.CoyoteAdapter.service(CoyoteAdapter.java:343)
		at org.apache.coyote.http11.Http11Processor.service(Http11Processor.java:408)
		at org.apache.coyote.AbstractProcessorLight.process(AbstractProcessorLight.java:66)
		at org.apache.coyote.AbstractProtocol$ConnectionHandler.process(AbstractProtocol.java:853)
		at org.apache.tomcat.util.net.NioEndpoint$SocketProcessor.doRun(NioEndpoint.java:1587)
		at org.apache.tomcat.util.net.SocketProcessorBase.run(SocketProcessorBase.java:49)
		at java.base/java.util.concurrent.ThreadPoolExecutor.runWorker(ThreadPoolExecutor.java:1128)
		at java.base/java.util.concurrent.ThreadPoolExecutor$Worker.run(ThreadPoolExecutor.java:628)
		at org.apache.tomcat.util.threads.TaskThread$WrappingRunnable.run(TaskThread.java:61)
		at java.base/java.lang.Thread.run(Thread.java:829)
16-Jun-2022 05:52:31.883 SEVERE [http-nio-8091-exec-18] org.apache.catalina.core.StandardWrapperValve.invoke Allocate exception for servlet [RemoteAPIServlet]
	java.lang.NoClassDefFoundError: com/tutuka/companion/remote/handler/Handler
		at com.tutuka.companion.remote.RemoteAPIServlet.newXmlRpcHandlerMapping(RemoteAPIServlet.java:25)
		at org.apache.xmlrpc.webserver.XmlRpcServlet.init(XmlRpcServlet.java:99)
		at org.apache.catalina.core.StandardWrapper.initServlet(StandardWrapper.java:1122)
		at org.apache.catalina.core.StandardWrapper.loadServlet(StandardWrapper.java:1077)
		at org.apache.catalina.core.StandardWrapper.allocate(StandardWrapper.java:761)
		at org.apache.catalina.core.StandardWrapperValve.invoke(StandardWrapperValve.java:135)
		at org.apache.catalina.core.StandardContextValve.invoke(StandardContextValve.java:96)
		at org.apache.catalina.authenticator.AuthenticatorBase.invoke(AuthenticatorBase.java:490)
		at org.apache.catalina.core.StandardHostValve.invoke(StandardHostValve.java:139)
		at org.apache.catalina.valves.ErrorReportValve.invoke(ErrorReportValve.java:92)
		at org.apache.catalina.valves.AbstractAccessLogValve.invoke(AbstractAccessLogValve.java:678)
		at org.apache.catalina.core.StandardEngineValve.invoke(StandardEngineValve.java:74)
		at org.apache.catalina.connector.CoyoteAdapter.service(CoyoteAdapter.java:343)
		at org.apache.coyote.http11.Http11Processor.service(Http11Processor.java:408)
		at org.apache.coyote.AbstractProcessorLight.process(AbstractProcessorLight.java:66)
		at org.apache.coyote.AbstractProtocol$ConnectionHandler.process(AbstractProtocol.java:853)
		at org.apache.tomcat.util.net.NioEndpoint$SocketProcessor.doRun(NioEndpoint.java:1587)
		at org.apache.tomcat.util.net.SocketProcessorBase.run(SocketProcessorBase.java:49)
		at java.base/java.util.concurrent.ThreadPoolExecutor.runWorker(ThreadPoolExecutor.java:1128)
		at java.base/java.util.concurrent.ThreadPoolExecutor$Worker.run(ThreadPoolExecutor.java:628)
		at org.apache.tomcat.util.threads.TaskThread$WrappingRunnable.run(TaskThread.java:61)
		at java.base/java.lang.Thread.run(Thread.java:829)
16-Jun-2022 05:53:02.286 SEVERE [http-nio-8091-exec-17] org.apache.catalina.core.ApplicationContext.log Servlet.init() for servlet [RemoteAPIServlet] threw exception
	java.lang.NoClassDefFoundError: com/tutuka/companion/remote/handler/Handler
		at com.tutuka.companion.remote.RemoteAPIServlet.newXmlRpcHandlerMapping(RemoteAPIServlet.java:25)
		at org.apache.xmlrpc.webserver.XmlRpcServlet.init(XmlRpcServlet.java:99)
		at org.apache.catalina.core.StandardWrapper.initServlet(StandardWrapper.java:1122)
		at org.apache.catalina.core.StandardWrapper.loadServlet(StandardWrapper.java:1077)
		at org.apache.catalina.core.StandardWrapper.allocate(StandardWrapper.java:761)
		at org.apache.catalina.core.StandardWrapperValve.invoke(StandardWrapperValve.java:135)
		at org.apache.catalina.core.StandardContextValve.invoke(StandardContextValve.java:96)
		at org.apache.catalina.authenticator.AuthenticatorBase.invoke(AuthenticatorBase.java:490)
		at org.apache.catalina.core.StandardHostValve.invoke(StandardHostValve.java:139)
		at org.apache.catalina.valves.ErrorReportValve.invoke(ErrorReportValve.java:92)
		at org.apache.catalina.valves.AbstractAccessLogValve.invoke(AbstractAccessLogValve.java:678)
		at org.apache.catalina.core.StandardEngineValve.invoke(StandardEngineValve.java:74)
		at org.apache.catalina.connector.CoyoteAdapter.service(CoyoteAdapter.java:343)
		at org.apache.coyote.http11.Http11Processor.service(Http11Processor.java:408)
		at org.apache.coyote.AbstractProcessorLight.process(AbstractProcessorLight.java:66)
		at org.apache.coyote.AbstractProtocol$ConnectionHandler.process(AbstractProtocol.java:853)
		at org.apache.tomcat.util.net.NioEndpoint$SocketProcessor.doRun(NioEndpoint.java:1587)
		at org.apache.tomcat.util.net.SocketProcessorBase.run(SocketProcessorBase.java:49)
		at java.base/java.util.concurrent.ThreadPoolExecutor.runWorker(ThreadPoolExecutor.java:1128)
		at java.base/java.util.concurrent.ThreadPoolExecutor$Worker.run(ThreadPoolExecutor.java:628)
		at org.apache.tomcat.util.threads.TaskThread$WrappingRunnable.run(TaskThread.java:61)
		at java.base/java.lang.Thread.run(Thread.java:829)
16-Jun-2022 05:53:02.286 SEVERE [http-nio-8091-exec-17] org.apache.catalina.core.StandardWrapperValve.invoke Allocate exception for servlet [RemoteAPIServlet]
	java.lang.NoClassDefFoundError: com/tutuka/companion/remote/handler/Handler
		at com.tutuka.companion.remote.RemoteAPIServlet.newXmlRpcHandlerMapping(RemoteAPIServlet.java:25)
		at org.apache.xmlrpc.webserver.XmlRpcServlet.init(XmlRpcServlet.java:99)
		at org.apache.catalina.core.StandardWrapper.initServlet(StandardWrapper.java:1122)
		at org.apache.catalina.core.StandardWrapper.loadServlet(StandardWrapper.java:1077)
		at org.apache.catalina.core.StandardWrapper.allocate(StandardWrapper.java:761)
		at org.apache.catalina.core.StandardWrapperValve.invoke(StandardWrapperValve.java:135)
		at org.apache.catalina.core.StandardContextValve.invoke(StandardContextValve.java:96)
		at org.apache.catalina.authenticator.AuthenticatorBase.invoke(AuthenticatorBase.java:490)
		at org.apache.catalina.core.StandardHostValve.invoke(StandardHostValve.java:139)
		at org.apache.catalina.valves.ErrorReportValve.invoke(ErrorReportValve.java:92)
		at org.apache.catalina.valves.AbstractAccessLogValve.invoke(AbstractAccessLogValve.java:678)
		at org.apache.catalina.core.StandardEngineValve.invoke(StandardEngineValve.java:74)
		at org.apache.catalina.connector.CoyoteAdapter.service(CoyoteAdapter.java:343)
		at org.apache.coyote.http11.Http11Processor.service(Http11Processor.java:408)
		at org.apache.coyote.AbstractProcessorLight.process(AbstractProcessorLight.java:66)
		at org.apache.coyote.AbstractProtocol$ConnectionHandler.process(AbstractProtocol.java:853)
		at org.apache.tomcat.util.net.NioEndpoint$SocketProcessor.doRun(NioEndpoint.java:1587)
		at org.apache.tomcat.util.net.SocketProcessorBase.run(SocketProcessorBase.java:49)
		at java.base/java.util.concurrent.ThreadPoolExecutor.runWorker(ThreadPoolExecutor.java:1128)
		at java.base/java.util.concurrent.ThreadPoolExecutor$Worker.run(ThreadPoolExecutor.java:628)
		at org.apache.tomcat.util.threads.TaskThread$WrappingRunnable.run(TaskThread.java:61)
		at java.base/java.lang.Thread.run(Thread.java:829)
16-Jun-2022 05:53:03.658 SEVERE [http-nio-8091-exec-18] org.apache.catalina.core.ApplicationContext.log Servlet.init() for servlet [RemoteAPIServlet] threw exception
	java.lang.NoClassDefFoundError: com/tutuka/companion/remote/handler/Handler
		at com.tutuka.companion.remote.RemoteAPIServlet.newXmlRpcHandlerMapping(RemoteAPIServlet.java:25)
		at org.apache.xmlrpc.webserver.XmlRpcServlet.init(XmlRpcServlet.java:99)
		at org.apache.catalina.core.StandardWrapper.initServlet(StandardWrapper.java:1122)
		at org.apache.catalina.core.StandardWrapper.loadServlet(StandardWrapper.java:1077)
		at org.apache.catalina.core.StandardWrapper.allocate(StandardWrapper.java:761)
		at org.apache.catalina.core.StandardWrapperValve.invoke(StandardWrapperValve.java:135)
		at org.apache.catalina.core.StandardContextValve.invoke(StandardContextValve.java:96)
		at org.apache.catalina.authenticator.AuthenticatorBase.invoke(AuthenticatorBase.java:490)
		at org.apache.catalina.core.StandardHostValve.invoke(StandardHostValve.java:139)
		at org.apache.catalina.valves.ErrorReportValve.invoke(ErrorReportValve.java:92)
		at org.apache.catalina.valves.AbstractAccessLogValve.invoke(AbstractAccessLogValve.java:678)
		at org.apache.catalina.core.StandardEngineValve.invoke(StandardEngineValve.java:74)
		at org.apache.catalina.connector.CoyoteAdapter.service(CoyoteAdapter.java:343)
		at org.apache.coyote.http11.Http11Processor.service(Http11Processor.java:408)
		at org.apache.coyote.AbstractProcessorLight.process(AbstractProcessorLight.java:66)
		at org.apache.coyote.AbstractProtocol$ConnectionHandler.process(AbstractProtocol.java:853)
		at org.apache.tomcat.util.net.NioEndpoint$SocketProcessor.doRun(NioEndpoint.java:1587)
		at org.apache.tomcat.util.net.SocketProcessorBase.run(SocketProcessorBase.java:49)
		at java.base/java.util.concurrent.ThreadPoolExecutor.runWorker(ThreadPoolExecutor.java:1128)
		at java.base/java.util.concurrent.ThreadPoolExecutor$Worker.run(ThreadPoolExecutor.java:628)
		at org.apache.tomcat.util.threads.TaskThread$WrappingRunnable.run(TaskThread.java:61)
		at java.base/java.lang.Thread.run(Thread.java:829)
16-Jun-2022 05:53:03.658 SEVERE [http-nio-8091-exec-18] org.apache.catalina.core.StandardWrapperValve.invoke Allocate exception for servlet [RemoteAPIServlet]
	java.lang.NoClassDefFoundError: com/tutuka/companion/remote/handler/Handler
		at com.tutuka.companion.remote.RemoteAPIServlet.newXmlRpcHandlerMapping(RemoteAPIServlet.java:25)
		at org.apache.xmlrpc.webserver.XmlRpcServlet.init(XmlRpcServlet.java:99)
		at org.apache.catalina.core.StandardWrapper.initServlet(StandardWrapper.java:1122)
		at org.apache.catalina.core.StandardWrapper.loadServlet(StandardWrapper.java:1077)
		at org.apache.catalina.core.StandardWrapper.allocate(StandardWrapper.java:761)
		at org.apache.catalina.core.StandardWrapperValve.invoke(StandardWrapperValve.java:135)
		at org.apache.catalina.core.StandardContextValve.invoke(StandardContextValve.java:96)
		at org.apache.catalina.authenticator.AuthenticatorBase.invoke(AuthenticatorBase.java:490)
		at org.apache.catalina.core.StandardHostValve.invoke(StandardHostValve.java:139)
		at org.apache.catalina.valves.ErrorReportValve.invoke(ErrorReportValve.java:92)
		at org.apache.catalina.valves.AbstractAccessLogValve.invoke(AbstractAccessLogValve.java:678)
		at org.apache.catalina.core.StandardEngineValve.invoke(StandardEngineValve.java:74)
		at org.apache.catalina.connector.CoyoteAdapter.service(CoyoteAdapter.java:343)
		at org.apache.coyote.http11.Http11Processor.service(Http11Processor.java:408)
		at org.apache.coyote.AbstractProcessorLight.process(AbstractProcessorLight.java:66)
		at org.apache.coyote.AbstractProtocol$ConnectionHandler.process(AbstractProtocol.java:853)
		at org.apache.tomcat.util.net.NioEndpoint$SocketProcessor.doRun(NioEndpoint.java:1587)
		at org.apache.tomcat.util.net.SocketProcessorBase.run(SocketProcessorBase.java:49)
		at java.base/java.util.concurrent.ThreadPoolExecutor.runWorker(ThreadPoolExecutor.java:1128)
		at java.base/java.util.concurrent.ThreadPoolExecutor$Worker.run(ThreadPoolExecutor.java:628)
		at org.apache.tomcat.util.threads.TaskThread$WrappingRunnable.run(TaskThread.java:61)
		at java.base/java.lang.Thread.run(Thread.java:829)
16-Jun-2022 05:53:04.636 SEVERE [http-nio-8091-exec-12] org.apache.catalina.core.ApplicationContext.log Servlet.init() for servlet [RemoteAPIServlet] threw exception
	java.lang.NoClassDefFoundError: com/tutuka/companion/remote/handler/Handler
		at com.tutuka.companion.remote.RemoteAPIServlet.newXmlRpcHandlerMapping(RemoteAPIServlet.java:25)
		at org.apache.xmlrpc.webserver.XmlRpcServlet.init(XmlRpcServlet.java:99)
		at org.apache.catalina.core.StandardWrapper.initServlet(StandardWrapper.java:1122)
		at org.apache.catalina.core.StandardWrapper.loadServlet(StandardWrapper.java:1077)
		at org.apache.catalina.core.StandardWrapper.allocate(StandardWrapper.java:761)
		at org.apache.catalina.core.StandardWrapperValve.invoke(StandardWrapperValve.java:135)
		at org.apache.catalina.core.StandardContextValve.invoke(StandardContextValve.java:96)
		at org.apache.catalina.authenticator.AuthenticatorBase.invoke(AuthenticatorBase.java:490)
		at org.apache.catalina.core.StandardHostValve.invoke(StandardHostValve.java:139)
		at org.apache.catalina.valves.ErrorReportValve.invoke(ErrorReportValve.java:92)
		at org.apache.catalina.valves.AbstractAccessLogValve.invoke(AbstractAccessLogValve.java:678)
		at org.apache.catalina.core.StandardEngineValve.invoke(StandardEngineValve.java:74)
		at org.apache.catalina.connector.CoyoteAdapter.service(CoyoteAdapter.java:343)
		at org.apache.coyote.http11.Http11Processor.service(Http11Processor.java:408)
		at org.apache.coyote.AbstractProcessorLight.process(AbstractProcessorLight.java:66)
		at org.apache.coyote.AbstractProtocol$ConnectionHandler.process(AbstractProtocol.java:853)
		at org.apache.tomcat.util.net.NioEndpoint$SocketProcessor.doRun(NioEndpoint.java:1587)
		at org.apache.tomcat.util.net.SocketProcessorBase.run(SocketProcessorBase.java:49)
		at java.base/java.util.concurrent.ThreadPoolExecutor.runWorker(ThreadPoolExecutor.java:1128)
		at java.base/java.util.concurrent.ThreadPoolExecutor$Worker.run(ThreadPoolExecutor.java:628)
		at org.apache.tomcat.util.threads.TaskThread$WrappingRunnable.run(TaskThread.java:61)
		at java.base/java.lang.Thread.run(Thread.java:829)
16-Jun-2022 05:53:04.636 SEVERE [http-nio-8091-exec-12] org.apache.catalina.core.StandardWrapperValve.invoke Allocate exception for servlet [RemoteAPIServlet]
	java.lang.NoClassDefFoundError: com/tutuka/companion/remote/handler/Handler
		at com.tutuka.companion.remote.RemoteAPIServlet.newXmlRpcHandlerMapping(RemoteAPIServlet.java:25)
		at org.apache.xmlrpc.webserver.XmlRpcServlet.init(XmlRpcServlet.java:99)
		at org.apache.catalina.core.StandardWrapper.initServlet(StandardWrapper.java:1122)
		at org.apache.catalina.core.StandardWrapper.loadServlet(StandardWrapper.java:1077)
		at org.apache.catalina.core.StandardWrapper.allocate(StandardWrapper.java:761)
		at org.apache.catalina.core.StandardWrapperValve.invoke(StandardWrapperValve.java:135)
		at org.apache.catalina.core.StandardContextValve.invoke(StandardContextValve.java:96)
		at org.apache.catalina.authenticator.AuthenticatorBase.invoke(AuthenticatorBase.java:490)
		at org.apache.catalina.core.StandardHostValve.invoke(StandardHostValve.java:139)
		at org.apache.catalina.valves.ErrorReportValve.invoke(ErrorReportValve.java:92)
		at org.apache.catalina.valves.AbstractAccessLogValve.invoke(AbstractAccessLogValve.java:678)
		at org.apache.catalina.core.StandardEngineValve.invoke(StandardEngineValve.java:74)
		at org.apache.catalina.connector.CoyoteAdapter.service(CoyoteAdapter.java:343)
		at org.apache.coyote.http11.Http11Processor.service(Http11Processor.java:408)
		at org.apache.coyote.AbstractProcessorLight.process(AbstractProcessorLight.java:66)
		at org.apache.coyote.AbstractProtocol$ConnectionHandler.process(AbstractProtocol.java:853)
		at org.apache.tomcat.util.net.NioEndpoint$SocketProcessor.doRun(NioEndpoint.java:1587)
		at org.apache.tomcat.util.net.SocketProcessorBase.run(SocketProcessorBase.java:49)
		at java.base/java.util.concurrent.ThreadPoolExecutor.runWorker(ThreadPoolExecutor.java:1128)
		at java.base/java.util.concurrent.ThreadPoolExecutor$Worker.run(ThreadPoolExecutor.java:628)
		at org.apache.tomcat.util.threads.TaskThread$WrappingRunnable.run(TaskThread.java:61)
		at java.base/java.lang.Thread.run(Thread.java:829)
16-Jun-2022 05:53:05.811 SEVERE [http-nio-8091-exec-16] org.apache.catalina.core.ApplicationContext.log Servlet.init() for servlet [RemoteAPIServlet] threw exception
	java.lang.NoClassDefFoundError: com/tutuka/companion/remote/handler/Handler
		at com.tutuka.companion.remote.RemoteAPIServlet.newXmlRpcHandlerMapping(RemoteAPIServlet.java:25)
		at org.apache.xmlrpc.webserver.XmlRpcServlet.init(XmlRpcServlet.java:99)
		at org.apache.catalina.core.StandardWrapper.initServlet(StandardWrapper.java:1122)
		at org.apache.catalina.core.StandardWrapper.loadServlet(StandardWrapper.java:1077)
		at org.apache.catalina.core.StandardWrapper.allocate(StandardWrapper.java:761)
		at org.apache.catalina.core.StandardWrapperValve.invoke(StandardWrapperValve.java:135)
		at org.apache.catalina.core.StandardContextValve.invoke(StandardContextValve.java:96)
		at org.apache.catalina.authenticator.AuthenticatorBase.invoke(AuthenticatorBase.java:490)
		at org.apache.catalina.core.StandardHostValve.invoke(StandardHostValve.java:139)
		at org.apache.catalina.valves.ErrorReportValve.invoke(ErrorReportValve.java:92)
		at org.apache.catalina.valves.AbstractAccessLogValve.invoke(AbstractAccessLogValve.java:678)
		at org.apache.catalina.core.StandardEngineValve.invoke(StandardEngineValve.java:74)
		at org.apache.catalina.connector.CoyoteAdapter.service(CoyoteAdapter.java:343)
		at org.apache.coyote.http11.Http11Processor.service(Http11Processor.java:408)
		at org.apache.coyote.AbstractProcessorLight.process(AbstractProcessorLight.java:66)
		at org.apache.coyote.AbstractProtocol$ConnectionHandler.process(AbstractProtocol.java:853)
		at org.apache.tomcat.util.net.NioEndpoint$SocketProcessor.doRun(NioEndpoint.java:1587)
		at org.apache.tomcat.util.net.SocketProcessorBase.run(SocketProcessorBase.java:49)
		at java.base/java.util.concurrent.ThreadPoolExecutor.runWorker(ThreadPoolExecutor.java:1128)
		at java.base/java.util.concurrent.ThreadPoolExecutor$Worker.run(ThreadPoolExecutor.java:628)
		at org.apache.tomcat.util.threads.TaskThread$WrappingRunnable.run(TaskThread.java:61)
		at java.base/java.lang.Thread.run(Thread.java:829)
16-Jun-2022 05:53:05.811 SEVERE [http-nio-8091-exec-16] org.apache.catalina.core.StandardWrapperValve.invoke Allocate exception for servlet [RemoteAPIServlet]
	java.lang.NoClassDefFoundError: com/tutuka/companion/remote/handler/Handler
		at com.tutuka.companion.remote.RemoteAPIServlet.newXmlRpcHandlerMapping(RemoteAPIServlet.java:25)
		at org.apache.xmlrpc.webserver.XmlRpcServlet.init(XmlRpcServlet.java:99)
		at org.apache.catalina.core.StandardWrapper.initServlet(StandardWrapper.java:1122)
		at org.apache.catalina.core.StandardWrapper.loadServlet(StandardWrapper.java:1077)
		at org.apache.catalina.core.StandardWrapper.allocate(StandardWrapper.java:761)
		at org.apache.catalina.core.StandardWrapperValve.invoke(StandardWrapperValve.java:135)
		at org.apache.catalina.core.StandardContextValve.invoke(StandardContextValve.java:96)
		at org.apache.catalina.authenticator.AuthenticatorBase.invoke(AuthenticatorBase.java:490)
		at org.apache.catalina.core.StandardHostValve.invoke(StandardHostValve.java:139)
		at org.apache.catalina.valves.ErrorReportValve.invoke(ErrorReportValve.java:92)
		at org.apache.catalina.valves.AbstractAccessLogValve.invoke(AbstractAccessLogValve.java:678)
		at org.apache.catalina.core.StandardEngineValve.invoke(StandardEngineValve.java:74)
		at org.apache.catalina.connector.CoyoteAdapter.service(CoyoteAdapter.java:343)
		at org.apache.coyote.http11.Http11Processor.service(Http11Processor.java:408)
		at org.apache.coyote.AbstractProcessorLight.process(AbstractProcessorLight.java:66)
		at org.apache.coyote.AbstractProtocol$ConnectionHandler.process(AbstractProtocol.java:853)
		at org.apache.tomcat.util.net.NioEndpoint$SocketProcessor.doRun(NioEndpoint.java:1587)
		at org.apache.tomcat.util.net.SocketProcessorBase.run(SocketProcessorBase.java:49)
		at java.base/java.util.concurrent.ThreadPoolExecutor.runWorker(ThreadPoolExecutor.java:1128)
		at java.base/java.util.concurrent.ThreadPoolExecutor$Worker.run(ThreadPoolExecutor.java:628)
		at org.apache.tomcat.util.threads.TaskThread$WrappingRunnable.run(TaskThread.java:61)
		at java.base/java.lang.Thread.run(Thread.java:829)
16-Jun-2022 05:53:06.860 SEVERE [http-nio-8091-exec-23] org.apache.catalina.core.ApplicationContext.log Servlet.init() for servlet [RemoteAPIServlet] threw exception
	java.lang.NoClassDefFoundError: com/tutuka/companion/remote/handler/Handler
		at com.tutuka.companion.remote.RemoteAPIServlet.newXmlRpcHandlerMapping(RemoteAPIServlet.java:25)
		at org.apache.xmlrpc.webserver.XmlRpcServlet.init(XmlRpcServlet.java:99)
		at org.apache.catalina.core.StandardWrapper.initServlet(StandardWrapper.java:1122)
		at org.apache.catalina.core.StandardWrapper.loadServlet(StandardWrapper.java:1077)
		at org.apache.catalina.core.StandardWrapper.allocate(StandardWrapper.java:761)
		at org.apache.catalina.core.StandardWrapperValve.invoke(StandardWrapperValve.java:135)
		at org.apache.catalina.core.StandardContextValve.invoke(StandardContextValve.java:96)
		at org.apache.catalina.authenticator.AuthenticatorBase.invoke(AuthenticatorBase.java:490)
		at org.apache.catalina.core.StandardHostValve.invoke(StandardHostValve.java:139)
		at org.apache.catalina.valves.ErrorReportValve.invoke(ErrorReportValve.java:92)
		at org.apache.catalina.valves.AbstractAccessLogValve.invoke(AbstractAccessLogValve.java:678)
		at org.apache.catalina.core.StandardEngineValve.invoke(StandardEngineValve.java:74)
		at org.apache.catalina.connector.CoyoteAdapter.service(CoyoteAdapter.java:343)
		at org.apache.coyote.http11.Http11Processor.service(Http11Processor.java:408)
		at org.apache.coyote.AbstractProcessorLight.process(AbstractProcessorLight.java:66)
		at org.apache.coyote.AbstractProtocol$ConnectionHandler.process(AbstractProtocol.java:853)
		at org.apache.tomcat.util.net.NioEndpoint$SocketProcessor.doRun(NioEndpoint.java:1587)
		at org.apache.tomcat.util.net.SocketProcessorBase.run(SocketProcessorBase.java:49)
		at java.base/java.util.concurrent.ThreadPoolExecutor.runWorker(ThreadPoolExecutor.java:1128)
		at java.base/java.util.concurrent.ThreadPoolExecutor$Worker.run(ThreadPoolExecutor.java:628)
		at org.apache.tomcat.util.threads.TaskThread$WrappingRunnable.run(TaskThread.java:61)
		at java.base/java.lang.Thread.run(Thread.java:829)
16-Jun-2022 05:53:06.860 SEVERE [http-nio-8091-exec-23] org.apache.catalina.core.StandardWrapperValve.invoke Allocate exception for servlet [RemoteAPIServlet]
	java.lang.NoClassDefFoundError: com/tutuka/companion/remote/handler/Handler
		at com.tutuka.companion.remote.RemoteAPIServlet.newXmlRpcHandlerMapping(RemoteAPIServlet.java:25)
		at org.apache.xmlrpc.webserver.XmlRpcServlet.init(XmlRpcServlet.java:99)
		at org.apache.catalina.core.StandardWrapper.initServlet(StandardWrapper.java:1122)
		at org.apache.catalina.core.StandardWrapper.loadServlet(StandardWrapper.java:1077)
		at org.apache.catalina.core.StandardWrapper.allocate(StandardWrapper.java:761)
		at org.apache.catalina.core.StandardWrapperValve.invoke(StandardWrapperValve.java:135)
		at org.apache.catalina.core.StandardContextValve.invoke(StandardContextValve.java:96)
		at org.apache.catalina.authenticator.AuthenticatorBase.invoke(AuthenticatorBase.java:490)
		at org.apache.catalina.core.StandardHostValve.invoke(StandardHostValve.java:139)
		at org.apache.catalina.valves.ErrorReportValve.invoke(ErrorReportValve.java:92)
		at org.apache.catalina.valves.AbstractAccessLogValve.invoke(AbstractAccessLogValve.java:678)
		at org.apache.catalina.core.StandardEngineValve.invoke(StandardEngineValve.java:74)
		at org.apache.catalina.connector.CoyoteAdapter.service(CoyoteAdapter.java:343)
		at org.apache.coyote.http11.Http11Processor.service(Http11Processor.java:408)
		at org.apache.coyote.AbstractProcessorLight.process(AbstractProcessorLight.java:66)
		at org.apache.coyote.AbstractProtocol$ConnectionHandler.process(AbstractProtocol.java:853)
		at org.apache.tomcat.util.net.NioEndpoint$SocketProcessor.doRun(NioEndpoint.java:1587)
		at org.apache.tomcat.util.net.SocketProcessorBase.run(SocketProcessorBase.java:49)
		at java.base/java.util.concurrent.ThreadPoolExecutor.runWorker(ThreadPoolExecutor.java:1128)
		at java.base/java.util.concurrent.ThreadPoolExecutor$Worker.run(ThreadPoolExecutor.java:628)
		at org.apache.tomcat.util.threads.TaskThread$WrappingRunnable.run(TaskThread.java:61)
		at java.base/java.lang.Thread.run(Thread.java:829)
16-Jun-2022 05:54:10.850 SEVERE [http-nio-8091-exec-27] org.apache.catalina.core.ApplicationContext.log Servlet.init() for servlet [RemoteAPIServlet] threw exception
	java.lang.NoClassDefFoundError: com/tutuka/companion/remote/handler/Handler
		at com.tutuka.companion.remote.RemoteAPIServlet.newXmlRpcHandlerMapping(RemoteAPIServlet.java:25)
		at org.apache.xmlrpc.webserver.XmlRpcServlet.init(XmlRpcServlet.java:99)
		at org.apache.catalina.core.StandardWrapper.initServlet(StandardWrapper.java:1122)
		at org.apache.catalina.core.StandardWrapper.loadServlet(StandardWrapper.java:1077)
		at org.apache.catalina.core.StandardWrapper.allocate(StandardWrapper.java:761)
		at org.apache.catalina.core.StandardWrapperValve.invoke(StandardWrapperValve.java:135)
		at org.apache.catalina.core.StandardContextValve.invoke(StandardContextValve.java:96)
		at org.apache.catalina.authenticator.AuthenticatorBase.invoke(AuthenticatorBase.java:490)
		at org.apache.catalina.core.StandardHostValve.invoke(StandardHostValve.java:139)
		at org.apache.catalina.valves.ErrorReportValve.invoke(ErrorReportValve.java:92)
		at org.apache.catalina.valves.AbstractAccessLogValve.invoke(AbstractAccessLogValve.java:678)
		at org.apache.catalina.core.StandardEngineValve.invoke(StandardEngineValve.java:74)
		at org.apache.catalina.connector.CoyoteAdapter.service(CoyoteAdapter.java:343)
		at org.apache.coyote.http11.Http11Processor.service(Http11Processor.java:408)
		at org.apache.coyote.AbstractProcessorLight.process(AbstractProcessorLight.java:66)
		at org.apache.coyote.AbstractProtocol$ConnectionHandler.process(AbstractProtocol.java:853)
		at org.apache.tomcat.util.net.NioEndpoint$SocketProcessor.doRun(NioEndpoint.java:1587)
		at org.apache.tomcat.util.net.SocketProcessorBase.run(SocketProcessorBase.java:49)
		at java.base/java.util.concurrent.ThreadPoolExecutor.runWorker(ThreadPoolExecutor.java:1128)
		at java.base/java.util.concurrent.ThreadPoolExecutor$Worker.run(ThreadPoolExecutor.java:628)
		at org.apache.tomcat.util.threads.TaskThread$WrappingRunnable.run(TaskThread.java:61)
		at java.base/java.lang.Thread.run(Thread.java:829)
16-Jun-2022 05:54:10.850 SEVERE [http-nio-8091-exec-27] org.apache.catalina.core.StandardWrapperValve.invoke Allocate exception for servlet [RemoteAPIServlet]
	java.lang.NoClassDefFoundError: com/tutuka/companion/remote/handler/Handler
		at com.tutuka.companion.remote.RemoteAPIServlet.newXmlRpcHandlerMapping(RemoteAPIServlet.java:25)
		at org.apache.xmlrpc.webserver.XmlRpcServlet.init(XmlRpcServlet.java:99)
		at org.apache.catalina.core.StandardWrapper.initServlet(StandardWrapper.java:1122)
		at org.apache.catalina.core.StandardWrapper.loadServlet(StandardWrapper.java:1077)
		at org.apache.catalina.core.StandardWrapper.allocate(StandardWrapper.java:761)
		at org.apache.catalina.core.StandardWrapperValve.invoke(StandardWrapperValve.java:135)
		at org.apache.catalina.core.StandardContextValve.invoke(StandardContextValve.java:96)
		at org.apache.catalina.authenticator.AuthenticatorBase.invoke(AuthenticatorBase.java:490)
		at org.apache.catalina.core.StandardHostValve.invoke(StandardHostValve.java:139)
		at org.apache.catalina.valves.ErrorReportValve.invoke(ErrorReportValve.java:92)
		at org.apache.catalina.valves.AbstractAccessLogValve.invoke(AbstractAccessLogValve.java:678)
		at org.apache.catalina.core.StandardEngineValve.invoke(StandardEngineValve.java:74)
		at org.apache.catalina.connector.CoyoteAdapter.service(CoyoteAdapter.java:343)
		at org.apache.coyote.http11.Http11Processor.service(Http11Processor.java:408)
		at org.apache.coyote.AbstractProcessorLight.process(AbstractProcessorLight.java:66)
		at org.apache.coyote.AbstractProtocol$ConnectionHandler.process(AbstractProtocol.java:853)
		at org.apache.tomcat.util.net.NioEndpoint$SocketProcessor.doRun(NioEndpoint.java:1587)
		at org.apache.tomcat.util.net.SocketProcessorBase.run(SocketProcessorBase.java:49)
		at java.base/java.util.concurrent.ThreadPoolExecutor.runWorker(ThreadPoolExecutor.java:1128)
		at java.base/java.util.concurrent.ThreadPoolExecutor$Worker.run(ThreadPoolExecutor.java:628)
		at org.apache.tomcat.util.threads.TaskThread$WrappingRunnable.run(TaskThread.java:61)
		at java.base/java.lang.Thread.run(Thread.java:829)
16-Jun-2022 05:59:09.972 SEVERE [Catalina-utility-2] org.apache.catalina.core.StandardContext.listenerStop Exception sending context destroyed event to listener instance of class [ch.qos.logback.classic.servlet.LogbackServletContextListener]
	java.lang.IllegalStateException: java.io.IOException: java.lang.reflect.InvocationTargetException
		at org.apache.catalina.webresources.AbstractSingleArchiveResourceSet.getArchiveEntry(AbstractSingleArchiveResourceSet.java:101)
		at org.apache.catalina.webresources.AbstractArchiveResourceSet.getResource(AbstractArchiveResourceSet.java:256)
		at org.apache.catalina.webresources.StandardRoot.getResourceInternal(StandardRoot.java:282)
		at org.apache.catalina.webresources.Cache.getResource(Cache.java:62)
		at org.apache.catalina.webresources.StandardRoot.getResource(StandardRoot.java:217)
		at org.apache.catalina.webresources.StandardRoot.getClassLoaderResource(StandardRoot.java:226)
		at org.apache.catalina.loader.WebappClassLoaderBase.findClassInternal(WebappClassLoaderBase.java:2303)
		at org.apache.catalina.loader.WebappClassLoaderBase.findClass(WebappClassLoaderBase.java:865)
		at org.apache.catalina.loader.WebappClassLoaderBase.loadClass(WebappClassLoaderBase.java:1334)
		at org.apache.catalina.loader.WebappClassLoaderBase.loadClass(WebappClassLoaderBase.java:1188)
		at ch.qos.logback.core.ContextBase.getLifeCycleManager(ContextBase.java:260)
		at ch.qos.logback.core.ContextBase.reset(ContextBase.java:175)
		at ch.qos.logback.classic.LoggerContext.reset(LoggerContext.java:220)
		at ch.qos.logback.classic.LoggerContext.stop(LoggerContext.java:348)
		at ch.qos.logback.classic.servlet.LogbackServletContextListener.contextDestroyed(LogbackServletContextListener.java:36)
		at org.apache.catalina.core.StandardContext.listenerStop(StandardContext.java:4727)
		at org.apache.catalina.core.StandardContext.stopInternal(StandardContext.java:5393)
		at org.apache.catalina.util.LifecycleBase.stop(LifecycleBase.java:257)
		at org.apache.catalina.core.ContainerBase.removeChild(ContainerBase.java:805)
		at org.apache.catalina.startup.HostConfig.undeploy(HostConfig.java:1425)
		at org.apache.catalina.startup.HostConfig.checkResources(HostConfig.java:1352)
		at org.apache.catalina.startup.HostConfig.check(HostConfig.java:1611)
		at org.apache.catalina.startup.HostConfig.lifecycleEvent(HostConfig.java:305)
		at org.apache.catalina.util.LifecycleBase.fireLifecycleEvent(LifecycleBase.java:123)
		at org.apache.catalina.core.ContainerBase.backgroundProcess(ContainerBase.java:1151)
		at org.apache.catalina.core.ContainerBase$ContainerBackgroundProcessor.processChildren(ContainerBase.java:1353)
		at org.apache.catalina.core.ContainerBase$ContainerBackgroundProcessor.processChildren(ContainerBase.java:1357)
		at org.apache.catalina.core.ContainerBase$ContainerBackgroundProcessor.run(ContainerBase.java:1335)
		at java.base/java.util.concurrent.Executors$RunnableAdapter.call(Executors.java:515)
		at java.base/java.util.concurrent.FutureTask.runAndReset(FutureTask.java:305)
		at java.base/java.util.concurrent.ScheduledThreadPoolExecutor$ScheduledFutureTask.run(ScheduledThreadPoolExecutor.java:305)
		at java.base/java.util.concurrent.ThreadPoolExecutor.runWorker(ThreadPoolExecutor.java:1128)
		at java.base/java.util.concurrent.ThreadPoolExecutor$Worker.run(ThreadPoolExecutor.java:628)
		at org.apache.tomcat.util.threads.TaskThread$WrappingRunnable.run(TaskThread.java:61)
		at java.base/java.lang.Thread.run(Thread.java:829)
	Caused by: java.io.IOException: java.lang.reflect.InvocationTargetException
		at org.apache.tomcat.util.compat.Jre9Compat.jarFileNewInstance(Jre9Compat.java:212)
		at org.apache.tomcat.util.compat.JreCompat.jarFileNewInstance(JreCompat.java:161)
		at org.apache.catalina.webresources.AbstractArchiveResourceSet.openJarFile(AbstractArchiveResourceSet.java:307)
		at org.apache.catalina.webresources.AbstractSingleArchiveResourceSet.getArchiveEntry(AbstractSingleArchiveResourceSet.java:97)
		... 34 more
	Caused by: java.lang.reflect.InvocationTargetException
		at java.base/jdk.internal.reflect.GeneratedConstructorAccessor7.newInstance(Unknown Source)
		at java.base/jdk.internal.reflect.DelegatingConstructorAccessorImpl.newInstance(DelegatingConstructorAccessorImpl.java:45)
		at java.base/java.lang.reflect.Constructor.newInstance(Constructor.java:490)
		at org.apache.tomcat.util.compat.Jre9Compat.jarFileNewInstance(Jre9Compat.java:209)
		... 37 more
	Caused by: java.nio.file.NoSuchFileException: /Users/rabiu/Desktop/apache-tomcat-9.0.21/webapps/API-remote/WEB-INF/lib/spring-boot-starter-logging-2.3.1.RELEASE.jar
		at java.base/sun.nio.fs.UnixException.translateToIOException(UnixException.java:92)
		at java.base/sun.nio.fs.UnixException.rethrowAsIOException(UnixException.java:111)
		at java.base/sun.nio.fs.UnixException.rethrowAsIOException(UnixException.java:116)
		at java.base/sun.nio.fs.UnixFileAttributeViews$Basic.readAttributes(UnixFileAttributeViews.java:55)
		at java.base/sun.nio.fs.UnixFileSystemProvider.readAttributes(UnixFileSystemProvider.java:149)
		at java.base/java.nio.file.Files.readAttributes(Files.java:1839)
		at java.base/java.util.zip.ZipFile$Source.get(ZipFile.java:1239)
		at java.base/java.util.zip.ZipFile$CleanableResource.<init>(ZipFile.java:732)
		at java.base/java.util.zip.ZipFile$CleanableResource.get(ZipFile.java:849)
		at java.base/java.util.zip.ZipFile.<init>(ZipFile.java:247)
		at java.base/java.util.zip.ZipFile.<init>(ZipFile.java:177)
		at java.base/java.util.jar.JarFile.<init>(JarFile.java:348)
		... 41 more
16-Jun-2022 05:59:10.512 SEVERE [Catalina-utility-2] org.apache.catalina.core.StandardContext.listenerStop Exception sending context destroyed event to listener instance of class [ch.qos.logback.classic.servlet.LogbackServletContextListener]
	java.lang.IllegalStateException: java.io.IOException: java.lang.reflect.InvocationTargetException
		at org.apache.catalina.webresources.AbstractSingleArchiveResourceSet.getArchiveEntry(AbstractSingleArchiveResourceSet.java:101)
		at org.apache.catalina.webresources.AbstractArchiveResourceSet.getResource(AbstractArchiveResourceSet.java:256)
		at org.apache.catalina.webresources.StandardRoot.getResourceInternal(StandardRoot.java:282)
		at org.apache.catalina.webresources.Cache.getResource(Cache.java:62)
		at org.apache.catalina.webresources.StandardRoot.getResource(StandardRoot.java:217)
		at org.apache.catalina.webresources.StandardRoot.getClassLoaderResource(StandardRoot.java:226)
		at org.apache.catalina.loader.WebappClassLoaderBase.findClassInternal(WebappClassLoaderBase.java:2303)
		at org.apache.catalina.loader.WebappClassLoaderBase.findClass(WebappClassLoaderBase.java:865)
		at org.apache.catalina.loader.WebappClassLoaderBase.loadClass(WebappClassLoaderBase.java:1334)
		at org.apache.catalina.loader.WebappClassLoaderBase.loadClass(WebappClassLoaderBase.java:1188)
		at ch.qos.logback.core.ContextBase.getLifeCycleManager(ContextBase.java:260)
		at ch.qos.logback.core.ContextBase.reset(ContextBase.java:175)
		at ch.qos.logback.classic.LoggerContext.reset(LoggerContext.java:220)
		at ch.qos.logback.classic.LoggerContext.stop(LoggerContext.java:348)
		at ch.qos.logback.classic.servlet.LogbackServletContextListener.contextDestroyed(LogbackServletContextListener.java:36)
		at org.apache.catalina.core.StandardContext.listenerStop(StandardContext.java:4727)
		at org.apache.catalina.core.StandardContext.stopInternal(StandardContext.java:5393)
		at org.apache.catalina.util.LifecycleBase.stop(LifecycleBase.java:257)
		at org.apache.catalina.core.ContainerBase.removeChild(ContainerBase.java:805)
		at org.apache.catalina.startup.HostConfig.undeploy(HostConfig.java:1425)
		at org.apache.catalina.startup.HostConfig.checkResources(HostConfig.java:1352)
		at org.apache.catalina.startup.HostConfig.check(HostConfig.java:1611)
		at org.apache.catalina.startup.HostConfig.lifecycleEvent(HostConfig.java:305)
		at org.apache.catalina.util.LifecycleBase.fireLifecycleEvent(LifecycleBase.java:123)
		at org.apache.catalina.core.ContainerBase.backgroundProcess(ContainerBase.java:1151)
		at org.apache.catalina.core.ContainerBase$ContainerBackgroundProcessor.processChildren(ContainerBase.java:1353)
		at org.apache.catalina.core.ContainerBase$ContainerBackgroundProcessor.processChildren(ContainerBase.java:1357)
		at org.apache.catalina.core.ContainerBase$ContainerBackgroundProcessor.run(ContainerBase.java:1335)
		at java.base/java.util.concurrent.Executors$RunnableAdapter.call(Executors.java:515)
		at java.base/java.util.concurrent.FutureTask.runAndReset(FutureTask.java:305)
		at java.base/java.util.concurrent.ScheduledThreadPoolExecutor$ScheduledFutureTask.run(ScheduledThreadPoolExecutor.java:305)
		at java.base/java.util.concurrent.ThreadPoolExecutor.runWorker(ThreadPoolExecutor.java:1128)
		at java.base/java.util.concurrent.ThreadPoolExecutor$Worker.run(ThreadPoolExecutor.java:628)
		at org.apache.tomcat.util.threads.TaskThread$WrappingRunnable.run(TaskThread.java:61)
		at java.base/java.lang.Thread.run(Thread.java:829)
	Caused by: java.io.IOException: java.lang.reflect.InvocationTargetException
		at org.apache.tomcat.util.compat.Jre9Compat.jarFileNewInstance(Jre9Compat.java:212)
		at org.apache.tomcat.util.compat.JreCompat.jarFileNewInstance(JreCompat.java:161)
		at org.apache.catalina.webresources.AbstractArchiveResourceSet.openJarFile(AbstractArchiveResourceSet.java:307)
		at org.apache.catalina.webresources.AbstractSingleArchiveResourceSet.getArchiveEntry(AbstractSingleArchiveResourceSet.java:97)
		... 34 more
	Caused by: java.lang.reflect.InvocationTargetException
		at java.base/jdk.internal.reflect.GeneratedConstructorAccessor7.newInstance(Unknown Source)
		at java.base/jdk.internal.reflect.DelegatingConstructorAccessorImpl.newInstance(DelegatingConstructorAccessorImpl.java:45)
		at java.base/java.lang.reflect.Constructor.newInstance(Constructor.java:490)
		at org.apache.tomcat.util.compat.Jre9Compat.jarFileNewInstance(Jre9Compat.java:209)
		... 37 more
	Caused by: java.nio.file.NoSuchFileException: /Users/rabiu/Desktop/apache-tomcat-9.0.21/webapps/API-remote/WEB-INF/lib/spring-boot-starter-logging-2.3.1.RELEASE.jar
		at java.base/sun.nio.fs.UnixException.translateToIOException(UnixException.java:92)
		at java.base/sun.nio.fs.UnixException.rethrowAsIOException(UnixException.java:111)
		at java.base/sun.nio.fs.UnixException.rethrowAsIOException(UnixException.java:116)
		at java.base/sun.nio.fs.UnixFileAttributeViews$Basic.readAttributes(UnixFileAttributeViews.java:55)
		at java.base/sun.nio.fs.UnixFileSystemProvider.readAttributes(UnixFileSystemProvider.java:149)
		at java.base/java.nio.file.Files.readAttributes(Files.java:1839)
		at java.base/java.util.zip.ZipFile$Source.get(ZipFile.java:1239)
		at java.base/java.util.zip.ZipFile$CleanableResource.<init>(ZipFile.java:732)
		at java.base/java.util.zip.ZipFile$CleanableResource.get(ZipFile.java:849)
		at java.base/java.util.zip.ZipFile.<init>(ZipFile.java:247)
		at java.base/java.util.zip.ZipFile.<init>(ZipFile.java:177)
		at java.base/java.util.jar.JarFile.<init>(JarFile.java:348)
		... 41 more
16-Jun-2022 05:59:21.708 INFO [Catalina-utility-2] org.apache.catalina.core.ApplicationContext.log 1 Spring WebApplicationInitializers detected on classpath
16-Jun-2022 05:59:22.629 INFO [Catalina-utility-2] org.apache.catalina.core.ApplicationContext.log 1 Spring WebApplicationInitializers detected on classpath
16-Jun-2022 05:59:43.166 SEVERE [Catalina-utility-1] org.apache.catalina.core.StandardContext.listenerStop Exception sending context destroyed event to listener instance of class [ch.qos.logback.classic.servlet.LogbackServletContextListener]
	java.lang.IllegalStateException: java.io.IOException: java.lang.reflect.InvocationTargetException
		at org.apache.catalina.webresources.AbstractSingleArchiveResourceSet.getArchiveEntry(AbstractSingleArchiveResourceSet.java:101)
		at org.apache.catalina.webresources.AbstractArchiveResourceSet.getResource(AbstractArchiveResourceSet.java:256)
		at org.apache.catalina.webresources.StandardRoot.getResourceInternal(StandardRoot.java:282)
		at org.apache.catalina.webresources.Cache.getResource(Cache.java:62)
		at org.apache.catalina.webresources.StandardRoot.getResource(StandardRoot.java:217)
		at org.apache.catalina.webresources.StandardRoot.getClassLoaderResource(StandardRoot.java:226)
		at org.apache.catalina.loader.WebappClassLoaderBase.findClassInternal(WebappClassLoaderBase.java:2303)
		at org.apache.catalina.loader.WebappClassLoaderBase.findClass(WebappClassLoaderBase.java:865)
		at org.apache.catalina.loader.WebappClassLoaderBase.loadClass(WebappClassLoaderBase.java:1334)
		at org.apache.catalina.loader.WebappClassLoaderBase.loadClass(WebappClassLoaderBase.java:1188)
		at ch.qos.logback.core.ContextBase.getLifeCycleManager(ContextBase.java:260)
		at ch.qos.logback.core.ContextBase.reset(ContextBase.java:175)
		at ch.qos.logback.classic.LoggerContext.reset(LoggerContext.java:220)
		at ch.qos.logback.classic.LoggerContext.stop(LoggerContext.java:348)
		at ch.qos.logback.classic.servlet.LogbackServletContextListener.contextDestroyed(LogbackServletContextListener.java:36)
		at org.apache.catalina.core.StandardContext.listenerStop(StandardContext.java:4727)
		at org.apache.catalina.core.StandardContext.stopInternal(StandardContext.java:5393)
		at org.apache.catalina.util.LifecycleBase.stop(LifecycleBase.java:257)
		at org.apache.catalina.core.ContainerBase.removeChild(ContainerBase.java:805)
		at org.apache.catalina.startup.HostConfig.undeploy(HostConfig.java:1425)
		at org.apache.catalina.startup.HostConfig.checkResources(HostConfig.java:1352)
		at org.apache.catalina.startup.HostConfig.check(HostConfig.java:1611)
		at org.apache.catalina.startup.HostConfig.lifecycleEvent(HostConfig.java:305)
		at org.apache.catalina.util.LifecycleBase.fireLifecycleEvent(LifecycleBase.java:123)
		at org.apache.catalina.core.ContainerBase.backgroundProcess(ContainerBase.java:1151)
		at org.apache.catalina.core.ContainerBase$ContainerBackgroundProcessor.processChildren(ContainerBase.java:1353)
		at org.apache.catalina.core.ContainerBase$ContainerBackgroundProcessor.processChildren(ContainerBase.java:1357)
		at org.apache.catalina.core.ContainerBase$ContainerBackgroundProcessor.run(ContainerBase.java:1335)
		at java.base/java.util.concurrent.Executors$RunnableAdapter.call(Executors.java:515)
		at java.base/java.util.concurrent.FutureTask.runAndReset(FutureTask.java:305)
		at java.base/java.util.concurrent.ScheduledThreadPoolExecutor$ScheduledFutureTask.run(ScheduledThreadPoolExecutor.java:305)
		at java.base/java.util.concurrent.ThreadPoolExecutor.runWorker(ThreadPoolExecutor.java:1128)
		at java.base/java.util.concurrent.ThreadPoolExecutor$Worker.run(ThreadPoolExecutor.java:628)
		at org.apache.tomcat.util.threads.TaskThread$WrappingRunnable.run(TaskThread.java:61)
		at java.base/java.lang.Thread.run(Thread.java:829)
	Caused by: java.io.IOException: java.lang.reflect.InvocationTargetException
		at org.apache.tomcat.util.compat.Jre9Compat.jarFileNewInstance(Jre9Compat.java:212)
		at org.apache.tomcat.util.compat.JreCompat.jarFileNewInstance(JreCompat.java:161)
		at org.apache.catalina.webresources.AbstractArchiveResourceSet.openJarFile(AbstractArchiveResourceSet.java:307)
		at org.apache.catalina.webresources.AbstractSingleArchiveResourceSet.getArchiveEntry(AbstractSingleArchiveResourceSet.java:97)
		... 34 more
	Caused by: java.lang.reflect.InvocationTargetException
		at java.base/jdk.internal.reflect.GeneratedConstructorAccessor7.newInstance(Unknown Source)
		at java.base/jdk.internal.reflect.DelegatingConstructorAccessorImpl.newInstance(DelegatingConstructorAccessorImpl.java:45)
		at java.base/java.lang.reflect.Constructor.newInstance(Constructor.java:490)
		at org.apache.tomcat.util.compat.Jre9Compat.jarFileNewInstance(Jre9Compat.java:209)
		... 37 more
	Caused by: java.nio.file.NoSuchFileException: /Users/rabiu/Desktop/apache-tomcat-9.0.21/webapps/api-remote/WEB-INF/lib/spring-boot-starter-logging-2.3.1.RELEASE.jar
		at java.base/sun.nio.fs.UnixException.translateToIOException(UnixException.java:92)
		at java.base/sun.nio.fs.UnixException.rethrowAsIOException(UnixException.java:111)
		at java.base/sun.nio.fs.UnixException.rethrowAsIOException(UnixException.java:116)
		at java.base/sun.nio.fs.UnixFileAttributeViews$Basic.readAttributes(UnixFileAttributeViews.java:55)
		at java.base/sun.nio.fs.UnixFileSystemProvider.readAttributes(UnixFileSystemProvider.java:149)
		at java.base/java.nio.file.Files.readAttributes(Files.java:1839)
		at java.base/java.util.zip.ZipFile$Source.get(ZipFile.java:1239)
		at java.base/java.util.zip.ZipFile$CleanableResource.<init>(ZipFile.java:732)
		at java.base/java.util.zip.ZipFile$CleanableResource.get(ZipFile.java:849)
		at java.base/java.util.zip.ZipFile.<init>(ZipFile.java:247)
		at java.base/java.util.zip.ZipFile.<init>(ZipFile.java:177)
		at java.base/java.util.jar.JarFile.<init>(JarFile.java:348)
		... 41 more
16-Jun-2022 05:59:44.244 INFO [Catalina-utility-1] org.apache.catalina.core.ApplicationContext.log 1 Spring WebApplicationInitializers detected on classpath
16-Jun-2022 06:01:05.212 INFO [Catalina-utility-2] org.apache.catalina.core.ApplicationContext.log 1 Spring WebApplicationInitializers detected on classpath
